<?xml version="1.0" encoding="UTF-8"?>
<robot generator="Robot 6.1.1 (Python 3.11.5 on win32)" generated="20230928 12:02:59.207" rpa="false" schemaversion="4">
<suite id="s1" name="Testcases" source="C:\Users\AbiodunAjibade\PycharmProjects\5G-Simone-Frontend\5G-Simone-Tests\Testcases">
<suite id="s1-s1" name="SA-DDT Login" source="C:\Users\AbiodunAjibade\PycharmProjects\5G-Simone-Frontend\5G-Simone-Tests\Testcases\SA-DDT_Login.robot">
<kw name="Start Web Test" library="Common" type="SETUP">
<kw name="Evaluate" library="BuiltIn">
<var>${options}</var>
<arg>sys.modules['selenium.webdriver'].ChromeOptions()</arg>
<arg>sys, selenium.webdriver</arg>
<doc>Evaluates the given expression in Python and returns the result.</doc>
<msg timestamp="20230928 12:02:59.744" level="INFO">${options} = &lt;selenium.webdriver.chrome.options.Options object at 0x00000209E0F4B890&gt;</msg>
<status status="PASS" starttime="20230928 12:02:59.744" endtime="20230928 12:02:59.744"/>
</kw>
<kw name="Call Method" library="BuiltIn">
<arg>${options}</arg>
<arg>add_argument</arg>
<arg>test-type</arg>
<doc>Calls the named method of the given object with the provided arguments.</doc>
<status status="PASS" starttime="20230928 12:02:59.744" endtime="20230928 12:02:59.744"/>
</kw>
<kw name="Call Method" library="BuiltIn">
<arg>${options}</arg>
<arg>add_argument</arg>
<arg>--headless</arg>
<doc>Calls the named method of the given object with the provided arguments.</doc>
<status status="PASS" starttime="20230928 12:02:59.744" endtime="20230928 12:02:59.744"/>
</kw>
<kw name="Call Method" library="BuiltIn">
<arg>${options}</arg>
<arg>add_argument</arg>
<arg>--disable-extensions</arg>
<doc>Calls the named method of the given object with the provided arguments.</doc>
<status status="PASS" starttime="20230928 12:02:59.752" endtime="20230928 12:02:59.752"/>
</kw>
<kw name="Call Method" library="BuiltIn">
<arg>${options}</arg>
<arg>add_argument</arg>
<arg>--disable-gpu</arg>
<doc>Calls the named method of the given object with the provided arguments.</doc>
<status status="PASS" starttime="20230928 12:02:59.752" endtime="20230928 12:02:59.752"/>
</kw>
<kw name="Call Method" library="BuiltIn">
<arg>${options}</arg>
<arg>add_argument</arg>
<arg>--disable-dev-shm-usage</arg>
<doc>Calls the named method of the given object with the provided arguments.</doc>
<status status="PASS" starttime="20230928 12:02:59.752" endtime="20230928 12:02:59.752"/>
</kw>
<kw name="Call Method" library="BuiltIn">
<arg>${options}</arg>
<arg>add_argument</arg>
<arg>--no-sandbox</arg>
<doc>Calls the named method of the given object with the provided arguments.</doc>
<status status="PASS" starttime="20230928 12:02:59.754" endtime="20230928 12:02:59.754"/>
</kw>
<kw name="Log To Console" library="BuiltIn">
<arg>Start 5G Simone App on Web Browser</arg>
<doc>Logs the given message to the console.</doc>
<status status="PASS" starttime="20230928 12:02:59.754" endtime="20230928 12:02:59.756"/>
</kw>
<kw name="Open Browser" library="SeleniumLibrary">
<arg>about:blank</arg>
<arg>${chrome}</arg>
<arg>options=${options}</arg>
<doc>Opens a new browser instance to the optional ``url``.</doc>
<msg timestamp="20230928 12:02:59.758" level="INFO">Opening browser 'chrome' to base url 'about:blank'.</msg>
<status status="PASS" starttime="20230928 12:02:59.756" endtime="20230928 12:03:02.189"/>
</kw>
<kw name="Clear Cookies" library="Common">
<kw name="Delete All Cookies" library="SeleniumLibrary">
<doc>Deletes all cookies.</doc>
<status status="PASS" starttime="20230928 12:03:02.190" endtime="20230928 12:03:02.227"/>
</kw>
<status status="PASS" starttime="20230928 12:03:02.189" endtime="20230928 12:03:02.227"/>
</kw>
<kw name="Set Window Position" library="SeleniumLibrary">
<arg>-7</arg>
<arg>-20</arg>
<doc>Sets window position using ``x`` and ``y`` coordinates.</doc>
<status status="PASS" starttime="20230928 12:03:02.227" endtime="20230928 12:03:02.344"/>
</kw>
<kw name="Set Window Size" library="SeleniumLibrary">
<arg>1920</arg>
<arg>1080</arg>
<doc>Sets current windows size to given ``width`` and ``height``.</doc>
<status status="PASS" starttime="20230928 12:03:02.344" endtime="20230928 12:03:02.460"/>
</kw>
<status status="PASS" starttime="20230928 12:02:59.744" endtime="20230928 12:03:02.460"/>
</kw>
<test id="s1-s1-t1" name="DDTSuperAdminLogin using naija4good@gmail.com and *naijafm1!" line="10">
<kw name="Validate Super Admin -ve Login">
<arg>naija4good@gmail.com</arg>
<arg>*naijafm1!</arg>
<kw name="Negative Login Attempt To SA Page" library="SA_LoginKeywords">
<arg>${email}</arg>
<arg>${password}</arg>
<kw name="Navigate To 5G Simone Super Admin URL" library="SA_LoginKeywords">
<kw name="Go To" library="SeleniumLibrary">
<arg>${superAdmin_URL_ProductionStage}</arg>
<doc>Navigates the current browser window to the provided ``url``.</doc>
<msg timestamp="20230928 12:03:02.462" level="INFO">Opening url 'http://82.165.231.18:3000/login/superadmin'</msg>
<status status="PASS" starttime="20230928 12:03:02.462" endtime="20230928 12:03:05.611"/>
</kw>
<status status="PASS" starttime="20230928 12:03:02.462" endtime="20230928 12:03:05.611"/>
</kw>
<kw name="Enter Email" library="SA_LoginKeywords">
<arg>${email}</arg>
<kw name="Wait Until Page Contains" library="SeleniumLibrary">
<arg>E-Mail Adresse</arg>
<doc>Waits until ``text`` appears on the current page.</doc>
<status status="PASS" starttime="20230928 12:03:05.613" endtime="20230928 12:03:05.748"/>
</kw>
<kw name="Wait Until Page Contains Element" library="SeleniumLibrary">
<arg>${txt_superEmail}</arg>
<doc>Waits until the element ``locator`` appears on the current page.</doc>
<status status="PASS" starttime="20230928 12:03:05.748" endtime="20230928 12:03:05.775"/>
</kw>
<kw name="Mouse Over" library="SeleniumLibrary">
<arg>${txt_superEmail}</arg>
<doc>Simulates hovering the mouse over the element ``locator``.</doc>
<msg timestamp="20230928 12:03:05.775" level="INFO">Simulating Mouse Over on element 'xpath://*[@id="emailInput"]'.</msg>
<status status="PASS" starttime="20230928 12:03:05.775" endtime="20230928 12:03:06.092"/>
</kw>
<kw name="Input Text" library="SeleniumLibrary">
<arg>${txt_superEmail}</arg>
<arg>${email}</arg>
<doc>Types the given ``text`` into the text field identified by ``locator``.</doc>
<msg timestamp="20230928 12:03:06.093" level="INFO">Typing text 'naija4good@gmail.com' into text field 'xpath://*[@id="emailInput"]'.</msg>
<status status="PASS" starttime="20230928 12:03:06.092" endtime="20230928 12:03:06.387"/>
</kw>
<status status="PASS" starttime="20230928 12:03:05.612" endtime="20230928 12:03:06.387"/>
</kw>
<kw name="Click On &quot;Weiter&quot;" library="SA_LoginKeywords">
<kw name="Wait Until Page Contains" library="SeleniumLibrary">
<arg>Weiter</arg>
<doc>Waits until ``text`` appears on the current page.</doc>
<status status="PASS" starttime="20230928 12:03:06.388" endtime="20230928 12:03:06.419"/>
</kw>
<kw name="Mouse Over" library="SeleniumLibrary">
<arg>${btn_superNextPage}</arg>
<doc>Simulates hovering the mouse over the element ``locator``.</doc>
<msg timestamp="20230928 12:03:06.419" level="INFO">Simulating Mouse Over on element '//*[@id="login-continue"]'.</msg>
<status status="PASS" starttime="20230928 12:03:06.419" endtime="20230928 12:03:06.739"/>
</kw>
<kw name="Click Element" library="SeleniumLibrary">
<arg>${btn_superNextPage}</arg>
<doc>Click the element identified by ``locator``.</doc>
<msg timestamp="20230928 12:03:06.741" level="INFO">Clicking element '//*[@id="login-continue"]'.</msg>
<status status="PASS" starttime="20230928 12:03:06.739" endtime="20230928 12:03:06.932"/>
</kw>
<status status="PASS" starttime="20230928 12:03:06.388" endtime="20230928 12:03:06.933"/>
</kw>
<kw name="Enter Password" library="SA_LoginKeywords">
<arg>${password}</arg>
<kw name="Wait Until Page Contains" library="SeleniumLibrary">
<arg>Passwort</arg>
<doc>Waits until ``text`` appears on the current page.</doc>
<status status="PASS" starttime="20230928 12:03:06.933" endtime="20230928 12:03:06.989"/>
</kw>
<kw name="Wait Until Page Contains Element" library="SeleniumLibrary">
<arg>${txt_superPassword}</arg>
<doc>Waits until the element ``locator`` appears on the current page.</doc>
<status status="PASS" starttime="20230928 12:03:06.990" endtime="20230928 12:03:07.049"/>
</kw>
<kw name="Mouse Over" library="SeleniumLibrary">
<arg>${txt_superPassword}</arg>
<doc>Simulates hovering the mouse over the element ``locator``.</doc>
<msg timestamp="20230928 12:03:07.052" level="INFO">Simulating Mouse Over on element 'xpath://*[@id="passwordInput"]/input'.</msg>
<status status="PASS" starttime="20230928 12:03:07.050" endtime="20230928 12:03:07.394"/>
</kw>
<kw name="Input Text" library="SeleniumLibrary">
<arg>${txt_superPassword}</arg>
<arg>${pwd}</arg>
<doc>Types the given ``text`` into the text field identified by ``locator``.</doc>
<msg timestamp="20230928 12:03:07.394" level="INFO">Typing text '*naijafm1!' into text field 'xpath://*[@id="passwordInput"]/input'.</msg>
<status status="PASS" starttime="20230928 12:03:07.394" endtime="20230928 12:03:07.658"/>
</kw>
<status status="PASS" starttime="20230928 12:03:06.933" endtime="20230928 12:03:07.658"/>
</kw>
<kw name="Click On &quot;Anmelden&quot;" library="SA_LoginKeywords">
<kw name="Wait Until Page Contains" library="SeleniumLibrary">
<arg>Anmelden</arg>
<doc>Waits until ``text`` appears on the current page.</doc>
<status status="PASS" starttime="20230928 12:03:07.659" endtime="20230928 12:03:07.702"/>
</kw>
<kw name="Mouse Over" library="SeleniumLibrary">
<arg>${btn_superLogin}</arg>
<doc>Simulates hovering the mouse over the element ``locator``.</doc>
<msg timestamp="20230928 12:03:07.702" level="INFO">Simulating Mouse Over on element '//*[@id="login-sa"]'.</msg>
<status status="PASS" starttime="20230928 12:03:07.702" endtime="20230928 12:03:08.038"/>
</kw>
<kw name="Click Element" library="SeleniumLibrary">
<arg>${btn_superLogin}</arg>
<doc>Click the element identified by ``locator``.</doc>
<msg timestamp="20230928 12:03:08.039" level="INFO">Clicking element '//*[@id="login-sa"]'.</msg>
<status status="PASS" starttime="20230928 12:03:08.038" endtime="20230928 12:03:08.185"/>
</kw>
<status status="PASS" starttime="20230928 12:03:07.658" endtime="20230928 12:03:08.186"/>
</kw>
<kw name="SA Login Error Message" library="SA_LoginKeywords">
<kw name="Error Message 1" library="SA_LoginKeywords">
<kw name="Wait Until Page Contains" library="SeleniumLibrary">
<arg>Anmeldung mit angegebenem Benutzernamen und Passwort fehlgeschlagen.</arg>
<doc>Waits until ``text`` appears on the current page.</doc>
<status status="PASS" starttime="20230928 12:03:08.188" endtime="20230928 12:03:08.461"/>
</kw>
<status status="PASS" starttime="20230928 12:03:08.187" endtime="20230928 12:03:08.461"/>
</kw>
<status status="PASS" starttime="20230928 12:03:08.186" endtime="20230928 12:03:08.461"/>
</kw>
<kw name="Log To Console" library="BuiltIn">
<arg>Invalid Login Details! Try again</arg>
<doc>Logs the given message to the console.</doc>
<status status="PASS" starttime="20230928 12:03:08.461" endtime="20230928 12:03:08.463"/>
</kw>
<kw name="Click On &quot;Zurück&quot;" library="SA_LoginKeywords">
<kw name="Wait Until Page Contains" library="SeleniumLibrary">
<arg>Zurück</arg>
<doc>Waits until ``text`` appears on the current page.</doc>
<status status="PASS" starttime="20230928 12:03:08.464" endtime="20230928 12:03:08.506"/>
</kw>
<kw name="Mouse Over" library="SeleniumLibrary">
<arg>${btn_SuperBackPage}</arg>
<doc>Simulates hovering the mouse over the element ``locator``.</doc>
<msg timestamp="20230928 12:03:08.507" level="INFO">Simulating Mouse Over on element '//*[@id="login-back-sa"]'.</msg>
<status status="PASS" starttime="20230928 12:03:08.506" endtime="20230928 12:03:08.826"/>
</kw>
<kw name="Click Element" library="SeleniumLibrary">
<arg>${btn_SuperBackPage}</arg>
<doc>Click the element identified by ``locator``.</doc>
<msg timestamp="20230928 12:03:08.826" level="INFO">Clicking element '//*[@id="login-back-sa"]'.</msg>
<status status="PASS" starttime="20230928 12:03:08.826" endtime="20230928 12:03:08.974"/>
</kw>
<status status="PASS" starttime="20230928 12:03:08.463" endtime="20230928 12:03:08.974"/>
</kw>
<status status="PASS" starttime="20230928 12:03:02.462" endtime="20230928 12:03:08.974"/>
</kw>
<status status="PASS" starttime="20230928 12:03:02.462" endtime="20230928 12:03:08.974"/>
</kw>
<tag>DDT</tag>
<tag>Login</tag>
<tag>SA</tag>
<tag>SA01</tag>
<status status="PASS" starttime="20230928 12:03:02.461" endtime="20230928 12:03:08.977"/>
</test>
<test id="s1-s1-t2" name="DDTSuperAdminLogin using testing12@biqx.com and randompassword" line="10">
<kw name="Validate Super Admin -ve Login">
<arg>testing12@biqx.com</arg>
<arg>randompassword</arg>
<kw name="Negative Login Attempt To SA Page" library="SA_LoginKeywords">
<arg>${email}</arg>
<arg>${password}</arg>
<kw name="Navigate To 5G Simone Super Admin URL" library="SA_LoginKeywords">
<kw name="Go To" library="SeleniumLibrary">
<arg>${superAdmin_URL_ProductionStage}</arg>
<doc>Navigates the current browser window to the provided ``url``.</doc>
<msg timestamp="20230928 12:03:08.996" level="INFO">Opening url 'http://82.165.231.18:3000/login/superadmin'</msg>
<status status="PASS" starttime="20230928 12:03:08.996" endtime="20230928 12:03:09.197"/>
</kw>
<status status="PASS" starttime="20230928 12:03:08.996" endtime="20230928 12:03:09.197"/>
</kw>
<kw name="Enter Email" library="SA_LoginKeywords">
<arg>${email}</arg>
<kw name="Wait Until Page Contains" library="SeleniumLibrary">
<arg>E-Mail Adresse</arg>
<doc>Waits until ``text`` appears on the current page.</doc>
<status status="PASS" starttime="20230928 12:03:09.197" endtime="20230928 12:03:09.374"/>
</kw>
<kw name="Wait Until Page Contains Element" library="SeleniumLibrary">
<arg>${txt_superEmail}</arg>
<doc>Waits until the element ``locator`` appears on the current page.</doc>
<status status="PASS" starttime="20230928 12:03:09.374" endtime="20230928 12:03:09.390"/>
</kw>
<kw name="Mouse Over" library="SeleniumLibrary">
<arg>${txt_superEmail}</arg>
<doc>Simulates hovering the mouse over the element ``locator``.</doc>
<msg timestamp="20230928 12:03:09.391" level="INFO">Simulating Mouse Over on element 'xpath://*[@id="emailInput"]'.</msg>
<status status="PASS" starttime="20230928 12:03:09.390" endtime="20230928 12:03:09.704"/>
</kw>
<kw name="Input Text" library="SeleniumLibrary">
<arg>${txt_superEmail}</arg>
<arg>${email}</arg>
<doc>Types the given ``text`` into the text field identified by ``locator``.</doc>
<msg timestamp="20230928 12:03:09.706" level="INFO">Typing text 'testing12@biqx.com' into text field 'xpath://*[@id="emailInput"]'.</msg>
<status status="PASS" starttime="20230928 12:03:09.704" endtime="20230928 12:03:09.964"/>
</kw>
<status status="PASS" starttime="20230928 12:03:09.197" endtime="20230928 12:03:09.964"/>
</kw>
<kw name="Click On &quot;Weiter&quot;" library="SA_LoginKeywords">
<kw name="Wait Until Page Contains" library="SeleniumLibrary">
<arg>Weiter</arg>
<doc>Waits until ``text`` appears on the current page.</doc>
<status status="PASS" starttime="20230928 12:03:09.965" endtime="20230928 12:03:09.997"/>
</kw>
<kw name="Mouse Over" library="SeleniumLibrary">
<arg>${btn_superNextPage}</arg>
<doc>Simulates hovering the mouse over the element ``locator``.</doc>
<msg timestamp="20230928 12:03:09.997" level="INFO">Simulating Mouse Over on element '//*[@id="login-continue"]'.</msg>
<status status="PASS" starttime="20230928 12:03:09.997" endtime="20230928 12:03:10.309"/>
</kw>
<kw name="Click Element" library="SeleniumLibrary">
<arg>${btn_superNextPage}</arg>
<doc>Click the element identified by ``locator``.</doc>
<msg timestamp="20230928 12:03:10.309" level="INFO">Clicking element '//*[@id="login-continue"]'.</msg>
<status status="PASS" starttime="20230928 12:03:10.309" endtime="20230928 12:03:10.457"/>
</kw>
<status status="PASS" starttime="20230928 12:03:09.965" endtime="20230928 12:03:10.457"/>
</kw>
<kw name="Enter Password" library="SA_LoginKeywords">
<arg>${password}</arg>
<kw name="Wait Until Page Contains" library="SeleniumLibrary">
<arg>Passwort</arg>
<doc>Waits until ``text`` appears on the current page.</doc>
<status status="PASS" starttime="20230928 12:03:10.458" endtime="20230928 12:03:10.494"/>
</kw>
<kw name="Wait Until Page Contains Element" library="SeleniumLibrary">
<arg>${txt_superPassword}</arg>
<doc>Waits until the element ``locator`` appears on the current page.</doc>
<status status="PASS" starttime="20230928 12:03:10.494" endtime="20230928 12:03:10.520"/>
</kw>
<kw name="Mouse Over" library="SeleniumLibrary">
<arg>${txt_superPassword}</arg>
<doc>Simulates hovering the mouse over the element ``locator``.</doc>
<msg timestamp="20230928 12:03:10.522" level="INFO">Simulating Mouse Over on element 'xpath://*[@id="passwordInput"]/input'.</msg>
<status status="PASS" starttime="20230928 12:03:10.520" endtime="20230928 12:03:10.852"/>
</kw>
<kw name="Input Text" library="SeleniumLibrary">
<arg>${txt_superPassword}</arg>
<arg>${pwd}</arg>
<doc>Types the given ``text`` into the text field identified by ``locator``.</doc>
<msg timestamp="20230928 12:03:10.853" level="INFO">Typing text 'randompassword' into text field 'xpath://*[@id="passwordInput"]/input'.</msg>
<status status="PASS" starttime="20230928 12:03:10.852" endtime="20230928 12:03:11.125"/>
</kw>
<status status="PASS" starttime="20230928 12:03:10.457" endtime="20230928 12:03:11.125"/>
</kw>
<kw name="Click On &quot;Anmelden&quot;" library="SA_LoginKeywords">
<kw name="Wait Until Page Contains" library="SeleniumLibrary">
<arg>Anmelden</arg>
<doc>Waits until ``text`` appears on the current page.</doc>
<status status="PASS" starttime="20230928 12:03:11.125" endtime="20230928 12:03:11.156"/>
</kw>
<kw name="Mouse Over" library="SeleniumLibrary">
<arg>${btn_superLogin}</arg>
<doc>Simulates hovering the mouse over the element ``locator``.</doc>
<msg timestamp="20230928 12:03:11.156" level="INFO">Simulating Mouse Over on element '//*[@id="login-sa"]'.</msg>
<status status="PASS" starttime="20230928 12:03:11.156" endtime="20230928 12:03:11.470"/>
</kw>
<kw name="Click Element" library="SeleniumLibrary">
<arg>${btn_superLogin}</arg>
<doc>Click the element identified by ``locator``.</doc>
<msg timestamp="20230928 12:03:11.472" level="INFO">Clicking element '//*[@id="login-sa"]'.</msg>
<status status="PASS" starttime="20230928 12:03:11.470" endtime="20230928 12:03:11.607"/>
</kw>
<status status="PASS" starttime="20230928 12:03:11.125" endtime="20230928 12:03:11.607"/>
</kw>
<kw name="SA Login Error Message" library="SA_LoginKeywords">
<kw name="Error Message 1" library="SA_LoginKeywords">
<kw name="Wait Until Page Contains" library="SeleniumLibrary">
<arg>Anmeldung mit angegebenem Benutzernamen und Passwort fehlgeschlagen.</arg>
<doc>Waits until ``text`` appears on the current page.</doc>
<status status="PASS" starttime="20230928 12:03:11.610" endtime="20230928 12:03:11.665"/>
</kw>
<status status="PASS" starttime="20230928 12:03:11.608" endtime="20230928 12:03:11.666"/>
</kw>
<status status="PASS" starttime="20230928 12:03:11.607" endtime="20230928 12:03:11.666"/>
</kw>
<kw name="Log To Console" library="BuiltIn">
<arg>Invalid Login Details! Try again</arg>
<doc>Logs the given message to the console.</doc>
<status status="PASS" starttime="20230928 12:03:11.666" endtime="20230928 12:03:11.668"/>
</kw>
<kw name="Click On &quot;Zurück&quot;" library="SA_LoginKeywords">
<kw name="Wait Until Page Contains" library="SeleniumLibrary">
<arg>Zurück</arg>
<doc>Waits until ``text`` appears on the current page.</doc>
<status status="PASS" starttime="20230928 12:03:11.669" endtime="20230928 12:03:11.701"/>
</kw>
<kw name="Mouse Over" library="SeleniumLibrary">
<arg>${btn_SuperBackPage}</arg>
<doc>Simulates hovering the mouse over the element ``locator``.</doc>
<msg timestamp="20230928 12:03:11.701" level="INFO">Simulating Mouse Over on element '//*[@id="login-back-sa"]'.</msg>
<status status="PASS" starttime="20230928 12:03:11.701" endtime="20230928 12:03:12.034"/>
</kw>
<kw name="Click Element" library="SeleniumLibrary">
<arg>${btn_SuperBackPage}</arg>
<doc>Click the element identified by ``locator``.</doc>
<msg timestamp="20230928 12:03:12.034" level="INFO">Clicking element '//*[@id="login-back-sa"]'.</msg>
<status status="PASS" starttime="20230928 12:03:12.034" endtime="20230928 12:03:12.170"/>
</kw>
<status status="PASS" starttime="20230928 12:03:11.668" endtime="20230928 12:03:12.171"/>
</kw>
<status status="PASS" starttime="20230928 12:03:08.995" endtime="20230928 12:03:12.171"/>
</kw>
<status status="PASS" starttime="20230928 12:03:08.994" endtime="20230928 12:03:12.171"/>
</kw>
<tag>DDT</tag>
<tag>Login</tag>
<tag>SA</tag>
<tag>SA01</tag>
<status status="PASS" starttime="20230928 12:03:08.981" endtime="20230928 12:03:12.172"/>
</test>
<test id="s1-s1-t3" name="DDTSuperAdminLogin using goodquality@gmail.org and HalliGalli2!" line="10">
<kw name="Validate Super Admin -ve Login">
<arg>goodquality@gmail.org</arg>
<arg>HalliGalli2!</arg>
<kw name="Negative Login Attempt To SA Page" library="SA_LoginKeywords">
<arg>${email}</arg>
<arg>${password}</arg>
<kw name="Navigate To 5G Simone Super Admin URL" library="SA_LoginKeywords">
<kw name="Go To" library="SeleniumLibrary">
<arg>${superAdmin_URL_ProductionStage}</arg>
<doc>Navigates the current browser window to the provided ``url``.</doc>
<msg timestamp="20230928 12:03:12.193" level="INFO">Opening url 'http://82.165.231.18:3000/login/superadmin'</msg>
<status status="PASS" starttime="20230928 12:03:12.193" endtime="20230928 12:03:12.337"/>
</kw>
<status status="PASS" starttime="20230928 12:03:12.192" endtime="20230928 12:03:12.338"/>
</kw>
<kw name="Enter Email" library="SA_LoginKeywords">
<arg>${email}</arg>
<kw name="Wait Until Page Contains" library="SeleniumLibrary">
<arg>E-Mail Adresse</arg>
<doc>Waits until ``text`` appears on the current page.</doc>
<status status="PASS" starttime="20230928 12:03:12.339" endtime="20230928 12:03:12.496"/>
</kw>
<kw name="Wait Until Page Contains Element" library="SeleniumLibrary">
<arg>${txt_superEmail}</arg>
<doc>Waits until the element ``locator`` appears on the current page.</doc>
<status status="PASS" starttime="20230928 12:03:12.497" endtime="20230928 12:03:12.510"/>
</kw>
<kw name="Mouse Over" library="SeleniumLibrary">
<arg>${txt_superEmail}</arg>
<doc>Simulates hovering the mouse over the element ``locator``.</doc>
<msg timestamp="20230928 12:03:12.511" level="INFO">Simulating Mouse Over on element 'xpath://*[@id="emailInput"]'.</msg>
<status status="PASS" starttime="20230928 12:03:12.510" endtime="20230928 12:03:12.808"/>
</kw>
<kw name="Input Text" library="SeleniumLibrary">
<arg>${txt_superEmail}</arg>
<arg>${email}</arg>
<doc>Types the given ``text`` into the text field identified by ``locator``.</doc>
<msg timestamp="20230928 12:03:12.808" level="INFO">Typing text 'goodquality@gmail.org' into text field 'xpath://*[@id="emailInput"]'.</msg>
<status status="PASS" starttime="20230928 12:03:12.808" endtime="20230928 12:03:13.073"/>
</kw>
<status status="PASS" starttime="20230928 12:03:12.338" endtime="20230928 12:03:13.073"/>
</kw>
<kw name="Click On &quot;Weiter&quot;" library="SA_LoginKeywords">
<kw name="Wait Until Page Contains" library="SeleniumLibrary">
<arg>Weiter</arg>
<doc>Waits until ``text`` appears on the current page.</doc>
<status status="PASS" starttime="20230928 12:03:13.074" endtime="20230928 12:03:13.105"/>
</kw>
<kw name="Mouse Over" library="SeleniumLibrary">
<arg>${btn_superNextPage}</arg>
<doc>Simulates hovering the mouse over the element ``locator``.</doc>
<msg timestamp="20230928 12:03:13.107" level="INFO">Simulating Mouse Over on element '//*[@id="login-continue"]'.</msg>
<status status="PASS" starttime="20230928 12:03:13.105" endtime="20230928 12:03:13.439"/>
</kw>
<kw name="Click Element" library="SeleniumLibrary">
<arg>${btn_superNextPage}</arg>
<doc>Click the element identified by ``locator``.</doc>
<msg timestamp="20230928 12:03:13.440" level="INFO">Clicking element '//*[@id="login-continue"]'.</msg>
<status status="PASS" starttime="20230928 12:03:13.439" endtime="20230928 12:03:13.579"/>
</kw>
<status status="PASS" starttime="20230928 12:03:13.074" endtime="20230928 12:03:13.579"/>
</kw>
<kw name="Enter Password" library="SA_LoginKeywords">
<arg>${password}</arg>
<kw name="Wait Until Page Contains" library="SeleniumLibrary">
<arg>Passwort</arg>
<doc>Waits until ``text`` appears on the current page.</doc>
<status status="PASS" starttime="20230928 12:03:13.581" endtime="20230928 12:03:13.612"/>
</kw>
<kw name="Wait Until Page Contains Element" library="SeleniumLibrary">
<arg>${txt_superPassword}</arg>
<doc>Waits until the element ``locator`` appears on the current page.</doc>
<status status="PASS" starttime="20230928 12:03:13.613" endtime="20230928 12:03:13.641"/>
</kw>
<kw name="Mouse Over" library="SeleniumLibrary">
<arg>${txt_superPassword}</arg>
<doc>Simulates hovering the mouse over the element ``locator``.</doc>
<msg timestamp="20230928 12:03:13.643" level="INFO">Simulating Mouse Over on element 'xpath://*[@id="passwordInput"]/input'.</msg>
<status status="PASS" starttime="20230928 12:03:13.641" endtime="20230928 12:03:13.971"/>
</kw>
<kw name="Input Text" library="SeleniumLibrary">
<arg>${txt_superPassword}</arg>
<arg>${pwd}</arg>
<doc>Types the given ``text`` into the text field identified by ``locator``.</doc>
<msg timestamp="20230928 12:03:13.972" level="INFO">Typing text 'HalliGalli2!' into text field 'xpath://*[@id="passwordInput"]/input'.</msg>
<status status="PASS" starttime="20230928 12:03:13.971" endtime="20230928 12:03:14.238"/>
</kw>
<status status="PASS" starttime="20230928 12:03:13.580" endtime="20230928 12:03:14.238"/>
</kw>
<kw name="Click On &quot;Anmelden&quot;" library="SA_LoginKeywords">
<kw name="Wait Until Page Contains" library="SeleniumLibrary">
<arg>Anmelden</arg>
<doc>Waits until ``text`` appears on the current page.</doc>
<status status="PASS" starttime="20230928 12:03:14.239" endtime="20230928 12:03:14.268"/>
</kw>
<kw name="Mouse Over" library="SeleniumLibrary">
<arg>${btn_superLogin}</arg>
<doc>Simulates hovering the mouse over the element ``locator``.</doc>
<msg timestamp="20230928 12:03:14.270" level="INFO">Simulating Mouse Over on element '//*[@id="login-sa"]'.</msg>
<status status="PASS" starttime="20230928 12:03:14.268" endtime="20230928 12:03:14.588"/>
</kw>
<kw name="Click Element" library="SeleniumLibrary">
<arg>${btn_superLogin}</arg>
<doc>Click the element identified by ``locator``.</doc>
<msg timestamp="20230928 12:03:14.589" level="INFO">Clicking element '//*[@id="login-sa"]'.</msg>
<status status="PASS" starttime="20230928 12:03:14.588" endtime="20230928 12:03:14.717"/>
</kw>
<status status="PASS" starttime="20230928 12:03:14.239" endtime="20230928 12:03:14.717"/>
</kw>
<kw name="SA Login Error Message" library="SA_LoginKeywords">
<kw name="Error Message 1" library="SA_LoginKeywords">
<kw name="Wait Until Page Contains" library="SeleniumLibrary">
<arg>Anmeldung mit angegebenem Benutzernamen und Passwort fehlgeschlagen.</arg>
<doc>Waits until ``text`` appears on the current page.</doc>
<status status="PASS" starttime="20230928 12:03:14.719" endtime="20230928 12:03:15.000"/>
</kw>
<status status="PASS" starttime="20230928 12:03:14.718" endtime="20230928 12:03:15.000"/>
</kw>
<status status="PASS" starttime="20230928 12:03:14.717" endtime="20230928 12:03:15.000"/>
</kw>
<kw name="Log To Console" library="BuiltIn">
<arg>Invalid Login Details! Try again</arg>
<doc>Logs the given message to the console.</doc>
<status status="PASS" starttime="20230928 12:03:15.001" endtime="20230928 12:03:15.002"/>
</kw>
<kw name="Click On &quot;Zurück&quot;" library="SA_LoginKeywords">
<kw name="Wait Until Page Contains" library="SeleniumLibrary">
<arg>Zurück</arg>
<doc>Waits until ``text`` appears on the current page.</doc>
<status status="PASS" starttime="20230928 12:03:15.003" endtime="20230928 12:03:15.034"/>
</kw>
<kw name="Mouse Over" library="SeleniumLibrary">
<arg>${btn_SuperBackPage}</arg>
<doc>Simulates hovering the mouse over the element ``locator``.</doc>
<msg timestamp="20230928 12:03:15.035" level="INFO">Simulating Mouse Over on element '//*[@id="login-back-sa"]'.</msg>
<status status="PASS" starttime="20230928 12:03:15.034" endtime="20230928 12:03:15.354"/>
</kw>
<kw name="Click Element" library="SeleniumLibrary">
<arg>${btn_SuperBackPage}</arg>
<doc>Click the element identified by ``locator``.</doc>
<msg timestamp="20230928 12:03:15.355" level="INFO">Clicking element '//*[@id="login-back-sa"]'.</msg>
<status status="PASS" starttime="20230928 12:03:15.354" endtime="20230928 12:03:15.484"/>
</kw>
<status status="PASS" starttime="20230928 12:03:15.002" endtime="20230928 12:03:15.485"/>
</kw>
<status status="PASS" starttime="20230928 12:03:12.191" endtime="20230928 12:03:15.485"/>
</kw>
<status status="PASS" starttime="20230928 12:03:12.190" endtime="20230928 12:03:15.485"/>
</kw>
<tag>DDT</tag>
<tag>Login</tag>
<tag>SA</tag>
<tag>SA01</tag>
<status status="PASS" starttime="20230928 12:03:12.176" endtime="20230928 12:03:15.486"/>
</test>
<test id="s1-s1-t4" name="DDTSuperAdminLogin using proj.stadtbus@biqx.dt and isthisapassword?" line="10">
<kw name="Validate Super Admin -ve Login">
<arg>proj.stadtbus@biqx.dt</arg>
<arg>isthisapassword?</arg>
<kw name="Negative Login Attempt To SA Page" library="SA_LoginKeywords">
<arg>${email}</arg>
<arg>${password}</arg>
<kw name="Navigate To 5G Simone Super Admin URL" library="SA_LoginKeywords">
<kw name="Go To" library="SeleniumLibrary">
<arg>${superAdmin_URL_ProductionStage}</arg>
<doc>Navigates the current browser window to the provided ``url``.</doc>
<msg timestamp="20230928 12:03:15.506" level="INFO">Opening url 'http://82.165.231.18:3000/login/superadmin'</msg>
<status status="PASS" starttime="20230928 12:03:15.506" endtime="20230928 12:03:15.633"/>
</kw>
<status status="PASS" starttime="20230928 12:03:15.506" endtime="20230928 12:03:15.633"/>
</kw>
<kw name="Enter Email" library="SA_LoginKeywords">
<arg>${email}</arg>
<kw name="Wait Until Page Contains" library="SeleniumLibrary">
<arg>E-Mail Adresse</arg>
<doc>Waits until ``text`` appears on the current page.</doc>
<status status="PASS" starttime="20230928 12:03:15.634" endtime="20230928 12:03:15.760"/>
</kw>
<kw name="Wait Until Page Contains Element" library="SeleniumLibrary">
<arg>${txt_superEmail}</arg>
<doc>Waits until the element ``locator`` appears on the current page.</doc>
<status status="PASS" starttime="20230928 12:03:15.760" endtime="20230928 12:03:15.778"/>
</kw>
<kw name="Mouse Over" library="SeleniumLibrary">
<arg>${txt_superEmail}</arg>
<doc>Simulates hovering the mouse over the element ``locator``.</doc>
<msg timestamp="20230928 12:03:15.779" level="INFO">Simulating Mouse Over on element 'xpath://*[@id="emailInput"]'.</msg>
<status status="PASS" starttime="20230928 12:03:15.778" endtime="20230928 12:03:16.089"/>
</kw>
<kw name="Input Text" library="SeleniumLibrary">
<arg>${txt_superEmail}</arg>
<arg>${email}</arg>
<doc>Types the given ``text`` into the text field identified by ``locator``.</doc>
<msg timestamp="20230928 12:03:16.089" level="INFO">Typing text 'proj.stadtbus@biqx.dt' into text field 'xpath://*[@id="emailInput"]'.</msg>
<status status="PASS" starttime="20230928 12:03:16.089" endtime="20230928 12:03:16.357"/>
</kw>
<status status="PASS" starttime="20230928 12:03:15.633" endtime="20230928 12:03:16.357"/>
</kw>
<kw name="Click On &quot;Weiter&quot;" library="SA_LoginKeywords">
<kw name="Wait Until Page Contains" library="SeleniumLibrary">
<arg>Weiter</arg>
<doc>Waits until ``text`` appears on the current page.</doc>
<status status="PASS" starttime="20230928 12:03:16.357" endtime="20230928 12:03:16.388"/>
</kw>
<kw name="Mouse Over" library="SeleniumLibrary">
<arg>${btn_superNextPage}</arg>
<doc>Simulates hovering the mouse over the element ``locator``.</doc>
<msg timestamp="20230928 12:03:16.388" level="INFO">Simulating Mouse Over on element '//*[@id="login-continue"]'.</msg>
<status status="PASS" starttime="20230928 12:03:16.388" endtime="20230928 12:03:16.717"/>
</kw>
<kw name="Click Element" library="SeleniumLibrary">
<arg>${btn_superNextPage}</arg>
<doc>Click the element identified by ``locator``.</doc>
<msg timestamp="20230928 12:03:16.719" level="INFO">Clicking element '//*[@id="login-continue"]'.</msg>
<status status="PASS" starttime="20230928 12:03:16.717" endtime="20230928 12:03:16.856"/>
</kw>
<status status="PASS" starttime="20230928 12:03:16.357" endtime="20230928 12:03:16.856"/>
</kw>
<kw name="Enter Password" library="SA_LoginKeywords">
<arg>${password}</arg>
<kw name="Wait Until Page Contains" library="SeleniumLibrary">
<arg>Passwort</arg>
<doc>Waits until ``text`` appears on the current page.</doc>
<status status="PASS" starttime="20230928 12:03:16.858" endtime="20230928 12:03:16.888"/>
</kw>
<kw name="Wait Until Page Contains Element" library="SeleniumLibrary">
<arg>${txt_superPassword}</arg>
<doc>Waits until the element ``locator`` appears on the current page.</doc>
<status status="PASS" starttime="20230928 12:03:16.888" endtime="20230928 12:03:16.916"/>
</kw>
<kw name="Mouse Over" library="SeleniumLibrary">
<arg>${txt_superPassword}</arg>
<doc>Simulates hovering the mouse over the element ``locator``.</doc>
<msg timestamp="20230928 12:03:16.917" level="INFO">Simulating Mouse Over on element 'xpath://*[@id="passwordInput"]/input'.</msg>
<status status="PASS" starttime="20230928 12:03:16.916" endtime="20230928 12:03:17.253"/>
</kw>
<kw name="Input Text" library="SeleniumLibrary">
<arg>${txt_superPassword}</arg>
<arg>${pwd}</arg>
<doc>Types the given ``text`` into the text field identified by ``locator``.</doc>
<msg timestamp="20230928 12:03:17.255" level="INFO">Typing text 'isthisapassword?' into text field 'xpath://*[@id="passwordInput"]/input'.</msg>
<status status="PASS" starttime="20230928 12:03:17.254" endtime="20230928 12:03:17.534"/>
</kw>
<status status="PASS" starttime="20230928 12:03:16.856" endtime="20230928 12:03:17.534"/>
</kw>
<kw name="Click On &quot;Anmelden&quot;" library="SA_LoginKeywords">
<kw name="Wait Until Page Contains" library="SeleniumLibrary">
<arg>Anmelden</arg>
<doc>Waits until ``text`` appears on the current page.</doc>
<status status="PASS" starttime="20230928 12:03:17.536" endtime="20230928 12:03:17.564"/>
</kw>
<kw name="Mouse Over" library="SeleniumLibrary">
<arg>${btn_superLogin}</arg>
<doc>Simulates hovering the mouse over the element ``locator``.</doc>
<msg timestamp="20230928 12:03:17.564" level="INFO">Simulating Mouse Over on element '//*[@id="login-sa"]'.</msg>
<status status="PASS" starttime="20230928 12:03:17.564" endtime="20230928 12:03:17.883"/>
</kw>
<kw name="Click Element" library="SeleniumLibrary">
<arg>${btn_superLogin}</arg>
<doc>Click the element identified by ``locator``.</doc>
<msg timestamp="20230928 12:03:17.886" level="INFO">Clicking element '//*[@id="login-sa"]'.</msg>
<status status="PASS" starttime="20230928 12:03:17.883" endtime="20230928 12:03:18.018"/>
</kw>
<status status="PASS" starttime="20230928 12:03:17.534" endtime="20230928 12:03:18.019"/>
</kw>
<kw name="SA Login Error Message" library="SA_LoginKeywords">
<kw name="Error Message 1" library="SA_LoginKeywords">
<kw name="Wait Until Page Contains" library="SeleniumLibrary">
<arg>Anmeldung mit angegebenem Benutzernamen und Passwort fehlgeschlagen.</arg>
<doc>Waits until ``text`` appears on the current page.</doc>
<status status="PASS" starttime="20230928 12:03:18.020" endtime="20230928 12:03:18.073"/>
</kw>
<status status="PASS" starttime="20230928 12:03:18.020" endtime="20230928 12:03:18.073"/>
</kw>
<status status="PASS" starttime="20230928 12:03:18.019" endtime="20230928 12:03:18.073"/>
</kw>
<kw name="Log To Console" library="BuiltIn">
<arg>Invalid Login Details! Try again</arg>
<doc>Logs the given message to the console.</doc>
<status status="PASS" starttime="20230928 12:03:18.073" endtime="20230928 12:03:18.076"/>
</kw>
<kw name="Click On &quot;Zurück&quot;" library="SA_LoginKeywords">
<kw name="Wait Until Page Contains" library="SeleniumLibrary">
<arg>Zurück</arg>
<doc>Waits until ``text`` appears on the current page.</doc>
<status status="PASS" starttime="20230928 12:03:18.077" endtime="20230928 12:03:18.109"/>
</kw>
<kw name="Mouse Over" library="SeleniumLibrary">
<arg>${btn_SuperBackPage}</arg>
<doc>Simulates hovering the mouse over the element ``locator``.</doc>
<msg timestamp="20230928 12:03:18.110" level="INFO">Simulating Mouse Over on element '//*[@id="login-back-sa"]'.</msg>
<status status="PASS" starttime="20230928 12:03:18.110" endtime="20230928 12:03:18.434"/>
</kw>
<kw name="Click Element" library="SeleniumLibrary">
<arg>${btn_SuperBackPage}</arg>
<doc>Click the element identified by ``locator``.</doc>
<msg timestamp="20230928 12:03:18.436" level="INFO">Clicking element '//*[@id="login-back-sa"]'.</msg>
<status status="PASS" starttime="20230928 12:03:18.434" endtime="20230928 12:03:18.571"/>
</kw>
<status status="PASS" starttime="20230928 12:03:18.076" endtime="20230928 12:03:18.571"/>
</kw>
<status status="PASS" starttime="20230928 12:03:15.506" endtime="20230928 12:03:18.571"/>
</kw>
<status status="PASS" starttime="20230928 12:03:15.505" endtime="20230928 12:03:18.571"/>
</kw>
<tag>DDT</tag>
<tag>Login</tag>
<tag>SA</tag>
<tag>SA01</tag>
<status status="PASS" starttime="20230928 12:03:15.490" endtime="20230928 12:03:18.572"/>
</test>
<test id="s1-s1-t5" name="DDTSuperAdminLogin using kmerlkglerev@gmail.hds and .....----+++" line="10">
<kw name="Validate Super Admin -ve Login">
<arg>kmerlkglerev@gmail.hds</arg>
<arg>.....----+++</arg>
<kw name="Negative Login Attempt To SA Page" library="SA_LoginKeywords">
<arg>${email}</arg>
<arg>${password}</arg>
<kw name="Navigate To 5G Simone Super Admin URL" library="SA_LoginKeywords">
<kw name="Go To" library="SeleniumLibrary">
<arg>${superAdmin_URL_ProductionStage}</arg>
<doc>Navigates the current browser window to the provided ``url``.</doc>
<msg timestamp="20230928 12:03:18.596" level="INFO">Opening url 'http://82.165.231.18:3000/login/superadmin'</msg>
<status status="PASS" starttime="20230928 12:03:18.596" endtime="20230928 12:03:18.749"/>
</kw>
<status status="PASS" starttime="20230928 12:03:18.595" endtime="20230928 12:03:18.749"/>
</kw>
<kw name="Enter Email" library="SA_LoginKeywords">
<arg>${email}</arg>
<kw name="Wait Until Page Contains" library="SeleniumLibrary">
<arg>E-Mail Adresse</arg>
<doc>Waits until ``text`` appears on the current page.</doc>
<status status="PASS" starttime="20230928 12:03:18.752" endtime="20230928 12:03:18.905"/>
</kw>
<kw name="Wait Until Page Contains Element" library="SeleniumLibrary">
<arg>${txt_superEmail}</arg>
<doc>Waits until the element ``locator`` appears on the current page.</doc>
<status status="PASS" starttime="20230928 12:03:18.905" endtime="20230928 12:03:18.919"/>
</kw>
<kw name="Mouse Over" library="SeleniumLibrary">
<arg>${txt_superEmail}</arg>
<doc>Simulates hovering the mouse over the element ``locator``.</doc>
<msg timestamp="20230928 12:03:18.920" level="INFO">Simulating Mouse Over on element 'xpath://*[@id="emailInput"]'.</msg>
<status status="PASS" starttime="20230928 12:03:18.919" endtime="20230928 12:03:19.223"/>
</kw>
<kw name="Input Text" library="SeleniumLibrary">
<arg>${txt_superEmail}</arg>
<arg>${email}</arg>
<doc>Types the given ``text`` into the text field identified by ``locator``.</doc>
<msg timestamp="20230928 12:03:19.225" level="INFO">Typing text 'kmerlkglerev@gmail.hds' into text field 'xpath://*[@id="emailInput"]'.</msg>
<status status="PASS" starttime="20230928 12:03:19.223" endtime="20230928 12:03:19.495"/>
</kw>
<status status="PASS" starttime="20230928 12:03:18.751" endtime="20230928 12:03:19.495"/>
</kw>
<kw name="Click On &quot;Weiter&quot;" library="SA_LoginKeywords">
<kw name="Wait Until Page Contains" library="SeleniumLibrary">
<arg>Weiter</arg>
<doc>Waits until ``text`` appears on the current page.</doc>
<status status="PASS" starttime="20230928 12:03:19.495" endtime="20230928 12:03:19.526"/>
</kw>
<kw name="Mouse Over" library="SeleniumLibrary">
<arg>${btn_superNextPage}</arg>
<doc>Simulates hovering the mouse over the element ``locator``.</doc>
<msg timestamp="20230928 12:03:19.526" level="INFO">Simulating Mouse Over on element '//*[@id="login-continue"]'.</msg>
<status status="PASS" starttime="20230928 12:03:19.526" endtime="20230928 12:03:19.849"/>
</kw>
<kw name="Click Element" library="SeleniumLibrary">
<arg>${btn_superNextPage}</arg>
<doc>Click the element identified by ``locator``.</doc>
<msg timestamp="20230928 12:03:19.853" level="INFO">Clicking element '//*[@id="login-continue"]'.</msg>
<status status="PASS" starttime="20230928 12:03:19.850" endtime="20230928 12:03:19.991"/>
</kw>
<status status="PASS" starttime="20230928 12:03:19.495" endtime="20230928 12:03:19.991"/>
</kw>
<kw name="Enter Password" library="SA_LoginKeywords">
<arg>${password}</arg>
<kw name="Wait Until Page Contains" library="SeleniumLibrary">
<arg>Passwort</arg>
<doc>Waits until ``text`` appears on the current page.</doc>
<status status="PASS" starttime="20230928 12:03:19.991" endtime="20230928 12:03:20.020"/>
</kw>
<kw name="Wait Until Page Contains Element" library="SeleniumLibrary">
<arg>${txt_superPassword}</arg>
<doc>Waits until the element ``locator`` appears on the current page.</doc>
<status status="PASS" starttime="20230928 12:03:20.021" endtime="20230928 12:03:20.048"/>
</kw>
<kw name="Mouse Over" library="SeleniumLibrary">
<arg>${txt_superPassword}</arg>
<doc>Simulates hovering the mouse over the element ``locator``.</doc>
<msg timestamp="20230928 12:03:20.048" level="INFO">Simulating Mouse Over on element 'xpath://*[@id="passwordInput"]/input'.</msg>
<status status="PASS" starttime="20230928 12:03:20.048" endtime="20230928 12:03:20.378"/>
</kw>
<kw name="Input Text" library="SeleniumLibrary">
<arg>${txt_superPassword}</arg>
<arg>${pwd}</arg>
<doc>Types the given ``text`` into the text field identified by ``locator``.</doc>
<msg timestamp="20230928 12:03:20.378" level="INFO">Typing text '.....----+++' into text field 'xpath://*[@id="passwordInput"]/input'.</msg>
<status status="PASS" starttime="20230928 12:03:20.378" endtime="20230928 12:03:20.639"/>
</kw>
<status status="PASS" starttime="20230928 12:03:19.991" endtime="20230928 12:03:20.639"/>
</kw>
<kw name="Click On &quot;Anmelden&quot;" library="SA_LoginKeywords">
<kw name="Wait Until Page Contains" library="SeleniumLibrary">
<arg>Anmelden</arg>
<doc>Waits until ``text`` appears on the current page.</doc>
<status status="PASS" starttime="20230928 12:03:20.639" endtime="20230928 12:03:20.669"/>
</kw>
<kw name="Mouse Over" library="SeleniumLibrary">
<arg>${btn_superLogin}</arg>
<doc>Simulates hovering the mouse over the element ``locator``.</doc>
<msg timestamp="20230928 12:03:20.670" level="INFO">Simulating Mouse Over on element '//*[@id="login-sa"]'.</msg>
<status status="PASS" starttime="20230928 12:03:20.669" endtime="20230928 12:03:20.989"/>
</kw>
<kw name="Click Element" library="SeleniumLibrary">
<arg>${btn_superLogin}</arg>
<doc>Click the element identified by ``locator``.</doc>
<msg timestamp="20230928 12:03:20.989" level="INFO">Clicking element '//*[@id="login-sa"]'.</msg>
<status status="PASS" starttime="20230928 12:03:20.989" endtime="20230928 12:03:21.120"/>
</kw>
<status status="PASS" starttime="20230928 12:03:20.639" endtime="20230928 12:03:21.120"/>
</kw>
<kw name="SA Login Error Message" library="SA_LoginKeywords">
<kw name="Error Message 1" library="SA_LoginKeywords">
<kw name="Wait Until Page Contains" library="SeleniumLibrary">
<arg>Anmeldung mit angegebenem Benutzernamen und Passwort fehlgeschlagen.</arg>
<doc>Waits until ``text`` appears on the current page.</doc>
<status status="PASS" starttime="20230928 12:03:21.122" endtime="20230928 12:03:21.379"/>
</kw>
<status status="PASS" starttime="20230928 12:03:21.120" endtime="20230928 12:03:21.379"/>
</kw>
<status status="PASS" starttime="20230928 12:03:21.120" endtime="20230928 12:03:21.379"/>
</kw>
<kw name="Log To Console" library="BuiltIn">
<arg>Invalid Login Details! Try again</arg>
<doc>Logs the given message to the console.</doc>
<status status="PASS" starttime="20230928 12:03:21.379" endtime="20230928 12:03:21.381"/>
</kw>
<kw name="Click On &quot;Zurück&quot;" library="SA_LoginKeywords">
<kw name="Wait Until Page Contains" library="SeleniumLibrary">
<arg>Zurück</arg>
<doc>Waits until ``text`` appears on the current page.</doc>
<status status="PASS" starttime="20230928 12:03:21.382" endtime="20230928 12:03:21.412"/>
</kw>
<kw name="Mouse Over" library="SeleniumLibrary">
<arg>${btn_SuperBackPage}</arg>
<doc>Simulates hovering the mouse over the element ``locator``.</doc>
<msg timestamp="20230928 12:03:21.412" level="INFO">Simulating Mouse Over on element '//*[@id="login-back-sa"]'.</msg>
<status status="PASS" starttime="20230928 12:03:21.412" endtime="20230928 12:03:21.721"/>
</kw>
<kw name="Click Element" library="SeleniumLibrary">
<arg>${btn_SuperBackPage}</arg>
<doc>Click the element identified by ``locator``.</doc>
<msg timestamp="20230928 12:03:21.721" level="INFO">Clicking element '//*[@id="login-back-sa"]'.</msg>
<status status="PASS" starttime="20230928 12:03:21.721" endtime="20230928 12:03:21.859"/>
</kw>
<status status="PASS" starttime="20230928 12:03:21.381" endtime="20230928 12:03:21.860"/>
</kw>
<status status="PASS" starttime="20230928 12:03:18.594" endtime="20230928 12:03:21.860"/>
</kw>
<status status="PASS" starttime="20230928 12:03:18.593" endtime="20230928 12:03:21.860"/>
</kw>
<tag>DDT</tag>
<tag>Login</tag>
<tag>SA</tag>
<tag>SA01</tag>
<status status="PASS" starttime="20230928 12:03:18.577" endtime="20230928 12:03:21.861"/>
</test>
<kw name="Stop Web Test" library="Common" type="TEARDOWN">
<kw name="Close All Browsers" library="SeleniumLibrary">
<doc>Closes all open browsers and resets the browser cache.</doc>
<status status="PASS" starttime="20230928 12:03:21.865" endtime="20230928 12:03:28.134"/>
</kw>
<kw name="Log To Console" library="BuiltIn">
<arg>Browser closed</arg>
<doc>Logs the given message to the console.</doc>
<status status="PASS" starttime="20230928 12:03:28.135" endtime="20230928 12:03:28.136"/>
</kw>
<status status="PASS" starttime="20230928 12:03:21.865" endtime="20230928 12:03:28.136"/>
</kw>
<doc>Data-driven test for negative login test</doc>
<status status="PASS" starttime="20230928 12:02:59.240" endtime="20230928 12:03:28.136"/>
</suite>
<suite id="s1-s2" name="SA-Login" source="C:\Users\AbiodunAjibade\PycharmProjects\5G-Simone-Frontend\5G-Simone-Tests\Testcases\SA-Login.robot">
<test id="s1-s2-t1" name="Super Admin Login/Logout Validation" line="9">
<kw name="Start Web Test" library="Common" type="SETUP">
<kw name="Evaluate" library="BuiltIn">
<var>${options}</var>
<arg>sys.modules['selenium.webdriver'].ChromeOptions()</arg>
<arg>sys, selenium.webdriver</arg>
<doc>Evaluates the given expression in Python and returns the result.</doc>
<msg timestamp="20230928 12:03:28.184" level="INFO">${options} = &lt;selenium.webdriver.chrome.options.Options object at 0x00000209E0F6F0D0&gt;</msg>
<status status="PASS" starttime="20230928 12:03:28.184" endtime="20230928 12:03:28.184"/>
</kw>
<kw name="Call Method" library="BuiltIn">
<arg>${options}</arg>
<arg>add_argument</arg>
<arg>test-type</arg>
<doc>Calls the named method of the given object with the provided arguments.</doc>
<status status="PASS" starttime="20230928 12:03:28.184" endtime="20230928 12:03:28.184"/>
</kw>
<kw name="Call Method" library="BuiltIn">
<arg>${options}</arg>
<arg>add_argument</arg>
<arg>--headless</arg>
<doc>Calls the named method of the given object with the provided arguments.</doc>
<status status="PASS" starttime="20230928 12:03:28.184" endtime="20230928 12:03:28.184"/>
</kw>
<kw name="Call Method" library="BuiltIn">
<arg>${options}</arg>
<arg>add_argument</arg>
<arg>--disable-extensions</arg>
<doc>Calls the named method of the given object with the provided arguments.</doc>
<status status="PASS" starttime="20230928 12:03:28.184" endtime="20230928 12:03:28.184"/>
</kw>
<kw name="Call Method" library="BuiltIn">
<arg>${options}</arg>
<arg>add_argument</arg>
<arg>--disable-gpu</arg>
<doc>Calls the named method of the given object with the provided arguments.</doc>
<status status="PASS" starttime="20230928 12:03:28.184" endtime="20230928 12:03:28.184"/>
</kw>
<kw name="Call Method" library="BuiltIn">
<arg>${options}</arg>
<arg>add_argument</arg>
<arg>--disable-dev-shm-usage</arg>
<doc>Calls the named method of the given object with the provided arguments.</doc>
<status status="PASS" starttime="20230928 12:03:28.184" endtime="20230928 12:03:28.184"/>
</kw>
<kw name="Call Method" library="BuiltIn">
<arg>${options}</arg>
<arg>add_argument</arg>
<arg>--no-sandbox</arg>
<doc>Calls the named method of the given object with the provided arguments.</doc>
<status status="PASS" starttime="20230928 12:03:28.184" endtime="20230928 12:03:28.184"/>
</kw>
<kw name="Log To Console" library="BuiltIn">
<arg>Start 5G Simone App on Web Browser</arg>
<doc>Logs the given message to the console.</doc>
<status status="PASS" starttime="20230928 12:03:28.184" endtime="20230928 12:03:28.184"/>
</kw>
<kw name="Open Browser" library="SeleniumLibrary">
<arg>about:blank</arg>
<arg>${chrome}</arg>
<arg>options=${options}</arg>
<doc>Opens a new browser instance to the optional ``url``.</doc>
<msg timestamp="20230928 12:03:28.184" level="INFO">Opening browser 'chrome' to base url 'about:blank'.</msg>
<status status="PASS" starttime="20230928 12:03:28.184" endtime="20230928 12:03:30.201"/>
</kw>
<kw name="Clear Cookies" library="Common">
<kw name="Delete All Cookies" library="SeleniumLibrary">
<doc>Deletes all cookies.</doc>
<status status="PASS" starttime="20230928 12:03:30.201" endtime="20230928 12:03:30.237"/>
</kw>
<status status="PASS" starttime="20230928 12:03:30.201" endtime="20230928 12:03:30.237"/>
</kw>
<kw name="Set Window Position" library="SeleniumLibrary">
<arg>-7</arg>
<arg>-20</arg>
<doc>Sets window position using ``x`` and ``y`` coordinates.</doc>
<status status="PASS" starttime="20230928 12:03:30.237" endtime="20230928 12:03:30.350"/>
</kw>
<kw name="Set Window Size" library="SeleniumLibrary">
<arg>1920</arg>
<arg>1080</arg>
<doc>Sets current windows size to given ``width`` and ``height``.</doc>
<status status="PASS" starttime="20230928 12:03:30.351" endtime="20230928 12:03:30.466"/>
</kw>
<status status="PASS" starttime="20230928 12:03:28.183" endtime="20230928 12:03:30.467"/>
</kw>
<kw name="Navigate To 5G Simone Super Admin URL" library="SA_LoginKeywords">
<kw name="Go To" library="SeleniumLibrary">
<arg>${superAdmin_URL_ProductionStage}</arg>
<doc>Navigates the current browser window to the provided ``url``.</doc>
<msg timestamp="20230928 12:03:30.469" level="INFO">Opening url 'http://82.165.231.18:3000/login/superadmin'</msg>
<status status="PASS" starttime="20230928 12:03:30.468" endtime="20230928 12:03:31.478"/>
</kw>
<status status="PASS" starttime="20230928 12:03:30.468" endtime="20230928 12:03:31.479"/>
</kw>
<kw name="Login To SA Page" library="SA_LoginKeywords">
<kw name="Enter Email" library="SA_LoginKeywords">
<arg>${superAdmin_Email}</arg>
<kw name="Wait Until Page Contains" library="SeleniumLibrary">
<arg>E-Mail Adresse</arg>
<doc>Waits until ``text`` appears on the current page.</doc>
<status status="PASS" starttime="20230928 12:03:31.482" endtime="20230928 12:03:31.561"/>
</kw>
<kw name="Wait Until Page Contains Element" library="SeleniumLibrary">
<arg>${txt_superEmail}</arg>
<doc>Waits until the element ``locator`` appears on the current page.</doc>
<status status="PASS" starttime="20230928 12:03:31.561" endtime="20230928 12:03:31.584"/>
</kw>
<kw name="Mouse Over" library="SeleniumLibrary">
<arg>${txt_superEmail}</arg>
<doc>Simulates hovering the mouse over the element ``locator``.</doc>
<msg timestamp="20230928 12:03:31.585" level="INFO">Simulating Mouse Over on element 'xpath://*[@id="emailInput"]'.</msg>
<status status="PASS" starttime="20230928 12:03:31.584" endtime="20230928 12:03:31.891"/>
</kw>
<kw name="Input Text" library="SeleniumLibrary">
<arg>${txt_superEmail}</arg>
<arg>${email}</arg>
<doc>Types the given ``text`` into the text field identified by ``locator``.</doc>
<msg timestamp="20230928 12:03:31.893" level="INFO">Typing text 'detlef.regehr@biqx.de' into text field 'xpath://*[@id="emailInput"]'.</msg>
<status status="PASS" starttime="20230928 12:03:31.891" endtime="20230928 12:03:32.240"/>
</kw>
<status status="PASS" starttime="20230928 12:03:31.481" endtime="20230928 12:03:32.240"/>
</kw>
<kw name="Click On &quot;Weiter&quot;" library="SA_LoginKeywords">
<kw name="Wait Until Page Contains" library="SeleniumLibrary">
<arg>Weiter</arg>
<doc>Waits until ``text`` appears on the current page.</doc>
<status status="PASS" starttime="20230928 12:03:32.241" endtime="20230928 12:03:32.391"/>
</kw>
<kw name="Mouse Over" library="SeleniumLibrary">
<arg>${btn_superNextPage}</arg>
<doc>Simulates hovering the mouse over the element ``locator``.</doc>
<msg timestamp="20230928 12:03:32.392" level="INFO">Simulating Mouse Over on element '//*[@id="login-continue"]'.</msg>
<status status="PASS" starttime="20230928 12:03:32.391" endtime="20230928 12:03:32.703"/>
</kw>
<kw name="Click Element" library="SeleniumLibrary">
<arg>${btn_superNextPage}</arg>
<doc>Click the element identified by ``locator``.</doc>
<msg timestamp="20230928 12:03:32.703" level="INFO">Clicking element '//*[@id="login-continue"]'.</msg>
<status status="PASS" starttime="20230928 12:03:32.703" endtime="20230928 12:03:32.897"/>
</kw>
<status status="PASS" starttime="20230928 12:03:32.240" endtime="20230928 12:03:32.897"/>
</kw>
<kw name="Enter Password" library="SA_LoginKeywords">
<arg>${SA_Password_ProductionStage}</arg>
<kw name="Wait Until Page Contains" library="SeleniumLibrary">
<arg>Passwort</arg>
<doc>Waits until ``text`` appears on the current page.</doc>
<status status="PASS" starttime="20230928 12:03:32.899" endtime="20230928 12:03:32.966"/>
</kw>
<kw name="Wait Until Page Contains Element" library="SeleniumLibrary">
<arg>${txt_superPassword}</arg>
<doc>Waits until the element ``locator`` appears on the current page.</doc>
<status status="PASS" starttime="20230928 12:03:32.966" endtime="20230928 12:03:33.019"/>
</kw>
<kw name="Mouse Over" library="SeleniumLibrary">
<arg>${txt_superPassword}</arg>
<doc>Simulates hovering the mouse over the element ``locator``.</doc>
<msg timestamp="20230928 12:03:33.020" level="INFO">Simulating Mouse Over on element 'xpath://*[@id="passwordInput"]/input'.</msg>
<status status="PASS" starttime="20230928 12:03:33.019" endtime="20230928 12:03:33.345"/>
</kw>
<kw name="Input Text" library="SeleniumLibrary">
<arg>${txt_superPassword}</arg>
<arg>${pwd}</arg>
<doc>Types the given ``text`` into the text field identified by ``locator``.</doc>
<msg timestamp="20230928 12:03:33.347" level="INFO">Typing text 'Yy!45678' into text field 'xpath://*[@id="passwordInput"]/input'.</msg>
<status status="PASS" starttime="20230928 12:03:33.345" endtime="20230928 12:03:33.591"/>
</kw>
<status status="PASS" starttime="20230928 12:03:32.898" endtime="20230928 12:03:33.591"/>
</kw>
<kw name="Click On &quot;Anmelden&quot;" library="SA_LoginKeywords">
<kw name="Wait Until Page Contains" library="SeleniumLibrary">
<arg>Anmelden</arg>
<doc>Waits until ``text`` appears on the current page.</doc>
<status status="PASS" starttime="20230928 12:03:33.592" endtime="20230928 12:03:33.633"/>
</kw>
<kw name="Mouse Over" library="SeleniumLibrary">
<arg>${btn_superLogin}</arg>
<doc>Simulates hovering the mouse over the element ``locator``.</doc>
<msg timestamp="20230928 12:03:33.633" level="INFO">Simulating Mouse Over on element '//*[@id="login-sa"]'.</msg>
<status status="PASS" starttime="20230928 12:03:33.633" endtime="20230928 12:03:33.960"/>
</kw>
<kw name="Click Element" library="SeleniumLibrary">
<arg>${btn_superLogin}</arg>
<doc>Click the element identified by ``locator``.</doc>
<msg timestamp="20230928 12:03:33.961" level="INFO">Clicking element '//*[@id="login-sa"]'.</msg>
<status status="PASS" starttime="20230928 12:03:33.961" endtime="20230928 12:03:34.108"/>
</kw>
<status status="PASS" starttime="20230928 12:03:33.592" endtime="20230928 12:03:34.108"/>
</kw>
<kw name="Log Title" library="SeleniumLibrary">
<doc>Logs and returns the title of the current page.</doc>
<msg timestamp="20230928 12:03:34.125" level="INFO">Leitstand</msg>
<status status="PASS" starttime="20230928 12:03:34.109" endtime="20230928 12:03:34.126"/>
</kw>
<kw name="Verify Sucessful Login" library="SA_LoginKeywords">
<kw name="Wait Until Page Contains Element" library="SeleniumLibrary">
<arg>${title_mandanten}</arg>
<doc>Waits until the element ``locator`` appears on the current page.</doc>
<status status="PASS" starttime="20230928 12:03:34.127" endtime="20230928 12:03:35.963"/>
</kw>
<kw name="Element Should Contain" library="SeleniumLibrary">
<arg>${title_mandanten}</arg>
<arg>Mandanten</arg>
<doc>Verifies that element ``locator`` contains text ``expected``.</doc>
<msg timestamp="20230928 12:03:36.039" level="INFO">Element '//*[@id="header-text"]' contains text 'Mandanten'.</msg>
<status status="PASS" starttime="20230928 12:03:35.963" endtime="20230928 12:03:36.039"/>
</kw>
<kw name="Wait Until Page Contains Element" library="SeleniumLibrary">
<arg>${txt_biqx}</arg>
<doc>Waits until the element ``locator`` appears on the current page.</doc>
<status status="PASS" starttime="20230928 12:03:36.040" endtime="20230928 12:03:36.079"/>
</kw>
<kw name="Element Should Contain" library="SeleniumLibrary">
<arg>${txt_biqx}</arg>
<arg>biqx GmbH</arg>
<doc>Verifies that element ``locator`` contains text ``expected``.</doc>
<msg timestamp="20230928 12:03:36.135" level="INFO">Element '//*[@id="root"]/div/div/div[3]/div/div[4]/span/a/span' contains text 'biqx GmbH'.</msg>
<status status="PASS" starttime="20230928 12:03:36.080" endtime="20230928 12:03:36.135"/>
</kw>
<status status="PASS" starttime="20230928 12:03:34.126" endtime="20230928 12:03:36.135"/>
</kw>
<kw name="Log To Console" library="BuiltIn">
<arg>Successful login</arg>
<doc>Logs the given message to the console.</doc>
<status status="PASS" starttime="20230928 12:03:36.135" endtime="20230928 12:03:36.137"/>
</kw>
<kw name="Validate Mandanten-Liste Table Headers" library="SA_LoginKeywords">
<kw name="Wait Until Page Contains Element" library="SeleniumLibrary">
<arg>${tbl_Mandanten_liste}</arg>
<doc>Waits until the element ``locator`` appears on the current page.</doc>
<msg timestamp="20230928 12:04:07.505" level="INFO" html="true">&lt;/td&gt;&lt;/tr&gt;&lt;tr&gt;&lt;td colspan="3"&gt;&lt;a href="selenium-screenshot-48.png"&gt;&lt;img src="selenium-screenshot-48.png" width="800px"&gt;&lt;/a&gt;</msg>
<msg timestamp="20230928 12:04:07.506" level="FAIL">Element '//*[@id="tenant-table"]' did not appear in 30 seconds.</msg>
<status status="FAIL" starttime="20230928 12:03:36.138" endtime="20230928 12:04:07.512"/>
</kw>
<kw name="Table Column Should Contain" library="SeleniumLibrary">
<arg>${tbl_Mandanten_liste}</arg>
<arg>3</arg>
<arg>Name</arg>
<doc>Verifies table column contains text ``expected``.</doc>
<status status="NOT RUN" starttime="20230928 12:04:07.513" endtime="20230928 12:04:07.513"/>
</kw>
<kw name="Table Column Should Contain" library="SeleniumLibrary">
<arg>${tbl_Mandanten_liste}</arg>
<arg>4</arg>
<arg>Kurzname</arg>
<doc>Verifies table column contains text ``expected``.</doc>
<status status="NOT RUN" starttime="20230928 12:04:07.513" endtime="20230928 12:04:07.513"/>
</kw>
<kw name="Table Column Should Contain" library="SeleniumLibrary">
<arg>${tbl_Mandanten_liste}</arg>
<arg>5</arg>
<arg>Beschreibung</arg>
<doc>Verifies table column contains text ``expected``.</doc>
<status status="NOT RUN" starttime="20230928 12:04:07.514" endtime="20230928 12:04:07.514"/>
</kw>
<kw name="Table Column Should Contain" library="SeleniumLibrary">
<arg>${tbl_Mandanten_liste}</arg>
<arg>6</arg>
<arg>Inaktiv</arg>
<doc>Verifies table column contains text ``expected``.</doc>
<status status="NOT RUN" starttime="20230928 12:04:07.514" endtime="20230928 12:04:07.514"/>
</kw>
<status status="FAIL" starttime="20230928 12:03:36.137" endtime="20230928 12:04:07.514"/>
</kw>
<status status="FAIL" starttime="20230928 12:03:31.480" endtime="20230928 12:04:07.515"/>
</kw>
<kw name="Logout" library="SA_LoginKeywords">
<status status="NOT RUN" starttime="20230928 12:04:07.516" endtime="20230928 12:04:07.516"/>
</kw>
<kw name="Stop Web Test" library="Common" type="TEARDOWN">
<kw name="Close All Browsers" library="SeleniumLibrary">
<doc>Closes all open browsers and resets the browser cache.</doc>
<status status="PASS" starttime="20230928 12:04:07.518" endtime="20230928 12:04:13.716"/>
</kw>
<kw name="Log To Console" library="BuiltIn">
<arg>Browser closed</arg>
<doc>Logs the given message to the console.</doc>
<status status="PASS" starttime="20230928 12:04:13.716" endtime="20230928 12:04:13.717"/>
</kw>
<status status="PASS" starttime="20230928 12:04:07.518" endtime="20230928 12:04:13.718"/>
</kw>
<tag>dont</tag>
<tag>Login</tag>
<tag>SA</tag>
<tag>SA02</tag>
<status status="FAIL" starttime="20230928 12:03:28.181" endtime="20230928 12:04:13.718">Element '//*[@id="tenant-table"]' did not appear in 30 seconds.</status>
</test>
<doc>Test Login to SA Page</doc>
<status status="FAIL" starttime="20230928 12:03:28.144" endtime="20230928 12:04:13.722"/>
</suite>
<suite id="s1-s3" name="SA MandantenListe InviteClients" source="C:\Users\AbiodunAjibade\PycharmProjects\5G-Simone-Frontend\5G-Simone-Tests\Testcases\SA_MandantenListe_InviteClients.robot">
<test id="s1-s3-t1" name="SA Invite New Client Validateion" line="10">
<kw name="Start Web Test" library="Common" type="SETUP">
<kw name="Evaluate" library="BuiltIn">
<var>${options}</var>
<arg>sys.modules['selenium.webdriver'].ChromeOptions()</arg>
<arg>sys, selenium.webdriver</arg>
<doc>Evaluates the given expression in Python and returns the result.</doc>
<msg timestamp="20230928 12:04:15.290" level="INFO">${options} = &lt;selenium.webdriver.chrome.options.Options object at 0x00000209E1ACB490&gt;</msg>
<status status="PASS" starttime="20230928 12:04:15.290" endtime="20230928 12:04:15.291"/>
</kw>
<kw name="Call Method" library="BuiltIn">
<arg>${options}</arg>
<arg>add_argument</arg>
<arg>test-type</arg>
<doc>Calls the named method of the given object with the provided arguments.</doc>
<status status="PASS" starttime="20230928 12:04:15.292" endtime="20230928 12:04:15.292"/>
</kw>
<kw name="Call Method" library="BuiltIn">
<arg>${options}</arg>
<arg>add_argument</arg>
<arg>--headless</arg>
<doc>Calls the named method of the given object with the provided arguments.</doc>
<status status="PASS" starttime="20230928 12:04:15.292" endtime="20230928 12:04:15.293"/>
</kw>
<kw name="Call Method" library="BuiltIn">
<arg>${options}</arg>
<arg>add_argument</arg>
<arg>--disable-extensions</arg>
<doc>Calls the named method of the given object with the provided arguments.</doc>
<status status="PASS" starttime="20230928 12:04:15.293" endtime="20230928 12:04:15.293"/>
</kw>
<kw name="Call Method" library="BuiltIn">
<arg>${options}</arg>
<arg>add_argument</arg>
<arg>--disable-gpu</arg>
<doc>Calls the named method of the given object with the provided arguments.</doc>
<status status="PASS" starttime="20230928 12:04:15.293" endtime="20230928 12:04:15.293"/>
</kw>
<kw name="Call Method" library="BuiltIn">
<arg>${options}</arg>
<arg>add_argument</arg>
<arg>--disable-dev-shm-usage</arg>
<doc>Calls the named method of the given object with the provided arguments.</doc>
<status status="PASS" starttime="20230928 12:04:15.296" endtime="20230928 12:04:15.297"/>
</kw>
<kw name="Call Method" library="BuiltIn">
<arg>${options}</arg>
<arg>add_argument</arg>
<arg>--no-sandbox</arg>
<doc>Calls the named method of the given object with the provided arguments.</doc>
<status status="PASS" starttime="20230928 12:04:15.297" endtime="20230928 12:04:15.298"/>
</kw>
<kw name="Log To Console" library="BuiltIn">
<arg>Start 5G Simone App on Web Browser</arg>
<doc>Logs the given message to the console.</doc>
<status status="PASS" starttime="20230928 12:04:15.299" endtime="20230928 12:04:15.300"/>
</kw>
<kw name="Open Browser" library="SeleniumLibrary">
<arg>about:blank</arg>
<arg>${chrome}</arg>
<arg>options=${options}</arg>
<doc>Opens a new browser instance to the optional ``url``.</doc>
<msg timestamp="20230928 12:04:15.303" level="INFO">Opening browser 'chrome' to base url 'about:blank'.</msg>
<status status="PASS" starttime="20230928 12:04:15.301" endtime="20230928 12:04:17.625"/>
</kw>
<kw name="Clear Cookies" library="Common">
<kw name="Delete All Cookies" library="SeleniumLibrary">
<doc>Deletes all cookies.</doc>
<status status="PASS" starttime="20230928 12:04:17.626" endtime="20230928 12:04:17.684"/>
</kw>
<status status="PASS" starttime="20230928 12:04:17.625" endtime="20230928 12:04:17.684"/>
</kw>
<kw name="Set Window Position" library="SeleniumLibrary">
<arg>-7</arg>
<arg>-20</arg>
<doc>Sets window position using ``x`` and ``y`` coordinates.</doc>
<status status="PASS" starttime="20230928 12:04:17.684" endtime="20230928 12:04:17.800"/>
</kw>
<kw name="Set Window Size" library="SeleniumLibrary">
<arg>1920</arg>
<arg>1080</arg>
<doc>Sets current windows size to given ``width`` and ``height``.</doc>
<status status="PASS" starttime="20230928 12:04:17.800" endtime="20230928 12:04:17.916"/>
</kw>
<status status="PASS" starttime="20230928 12:04:15.289" endtime="20230928 12:04:17.916"/>
</kw>
<kw name="Company" library="FakerLibrary">
<var>${client_name}</var>
<doc>:example: 'Acme Ltd'</doc>
<msg timestamp="20230928 12:04:17.916" level="INFO">${client_name} = Fletcher, Thompson and Mathews</msg>
<status status="PASS" starttime="20230928 12:04:17.916" endtime="20230928 12:04:17.916"/>
</kw>
<kw name="User Name" library="FakerLibrary">
<var>${client_short_name}</var>
<msg timestamp="20230928 12:04:17.916" level="INFO">${client_short_name} = wrichards</msg>
<status status="PASS" starttime="20230928 12:04:17.916" endtime="20230928 12:04:17.916"/>
</kw>
<kw name="Sentence" library="FakerLibrary">
<var>${client_description}</var>
<doc>Generate a sentence.</doc>
<msg timestamp="20230928 12:04:17.916" level="INFO">${client_description} = Crime travel range.</msg>
<status status="PASS" starttime="20230928 12:04:17.916" endtime="20230928 12:04:17.916"/>
</kw>
<kw name="First Name" library="FakerLibrary">
<var>${admin_name}</var>
<msg timestamp="20230928 12:04:17.916" level="INFO">${admin_name} = Shawn</msg>
<status status="PASS" starttime="20230928 12:04:17.916" endtime="20230928 12:04:17.916"/>
</kw>
<kw name="Last Name" library="FakerLibrary">
<var>${admin_surname}</var>
<msg timestamp="20230928 12:04:17.916" level="INFO">${admin_surname} = Smith</msg>
<status status="PASS" starttime="20230928 12:04:17.916" endtime="20230928 12:04:17.916"/>
</kw>
<kw name="Ascii Safe Email" library="FakerLibrary">
<var>${admin_email}</var>
<msg timestamp="20230928 12:04:17.932" level="INFO">${admin_email} = mary73@example.com</msg>
<status status="PASS" starttime="20230928 12:04:17.916" endtime="20230928 12:04:17.932"/>
</kw>
<kw name="Navigate To 5G Simone Super Admin URL" library="SA_LoginKeywords">
<kw name="Go To" library="SeleniumLibrary">
<arg>${superAdmin_URL_ProductionStage}</arg>
<doc>Navigates the current browser window to the provided ``url``.</doc>
<msg timestamp="20230928 12:04:17.933" level="INFO">Opening url 'http://82.165.231.18:3000/login/superadmin'</msg>
<status status="PASS" starttime="20230928 12:04:17.933" endtime="20230928 12:04:18.849"/>
</kw>
<status status="PASS" starttime="20230928 12:04:17.933" endtime="20230928 12:04:18.849"/>
</kw>
<kw name="Login To SA Page" library="SA_LoginKeywords">
<kw name="Enter Email" library="SA_LoginKeywords">
<arg>${superAdmin_Email}</arg>
<kw name="Wait Until Page Contains" library="SeleniumLibrary">
<arg>E-Mail Adresse</arg>
<doc>Waits until ``text`` appears on the current page.</doc>
<status status="PASS" starttime="20230928 12:04:18.852" endtime="20230928 12:04:18.993"/>
</kw>
<kw name="Wait Until Page Contains Element" library="SeleniumLibrary">
<arg>${txt_superEmail}</arg>
<doc>Waits until the element ``locator`` appears on the current page.</doc>
<status status="PASS" starttime="20230928 12:04:18.994" endtime="20230928 12:04:19.021"/>
</kw>
<kw name="Mouse Over" library="SeleniumLibrary">
<arg>${txt_superEmail}</arg>
<doc>Simulates hovering the mouse over the element ``locator``.</doc>
<msg timestamp="20230928 12:04:19.022" level="INFO">Simulating Mouse Over on element 'xpath://*[@id="emailInput"]'.</msg>
<status status="PASS" starttime="20230928 12:04:19.021" endtime="20230928 12:04:19.326"/>
</kw>
<kw name="Input Text" library="SeleniumLibrary">
<arg>${txt_superEmail}</arg>
<arg>${email}</arg>
<doc>Types the given ``text`` into the text field identified by ``locator``.</doc>
<msg timestamp="20230928 12:04:19.326" level="INFO">Typing text 'detlef.regehr@biqx.de' into text field 'xpath://*[@id="emailInput"]'.</msg>
<status status="PASS" starttime="20230928 12:04:19.326" endtime="20230928 12:04:19.552"/>
</kw>
<status status="PASS" starttime="20230928 12:04:18.850" endtime="20230928 12:04:19.552"/>
</kw>
<kw name="Click On &quot;Weiter&quot;" library="SA_LoginKeywords">
<kw name="Wait Until Page Contains" library="SeleniumLibrary">
<arg>Weiter</arg>
<doc>Waits until ``text`` appears on the current page.</doc>
<status status="PASS" starttime="20230928 12:04:19.552" endtime="20230928 12:04:19.583"/>
</kw>
<kw name="Mouse Over" library="SeleniumLibrary">
<arg>${btn_superNextPage}</arg>
<doc>Simulates hovering the mouse over the element ``locator``.</doc>
<msg timestamp="20230928 12:04:19.584" level="INFO">Simulating Mouse Over on element '//*[@id="login-continue"]'.</msg>
<status status="PASS" starttime="20230928 12:04:19.583" endtime="20230928 12:04:19.898"/>
</kw>
<kw name="Click Element" library="SeleniumLibrary">
<arg>${btn_superNextPage}</arg>
<doc>Click the element identified by ``locator``.</doc>
<msg timestamp="20230928 12:04:19.898" level="INFO">Clicking element '//*[@id="login-continue"]'.</msg>
<status status="PASS" starttime="20230928 12:04:19.898" endtime="20230928 12:04:20.086"/>
</kw>
<status status="PASS" starttime="20230928 12:04:19.552" endtime="20230928 12:04:20.086"/>
</kw>
<kw name="Enter Password" library="SA_LoginKeywords">
<arg>${SA_Password_ProductionStage}</arg>
<kw name="Wait Until Page Contains" library="SeleniumLibrary">
<arg>Passwort</arg>
<doc>Waits until ``text`` appears on the current page.</doc>
<status status="PASS" starttime="20230928 12:04:20.086" endtime="20230928 12:04:20.149"/>
</kw>
<kw name="Wait Until Page Contains Element" library="SeleniumLibrary">
<arg>${txt_superPassword}</arg>
<doc>Waits until the element ``locator`` appears on the current page.</doc>
<status status="PASS" starttime="20230928 12:04:20.150" endtime="20230928 12:04:20.183"/>
</kw>
<kw name="Mouse Over" library="SeleniumLibrary">
<arg>${txt_superPassword}</arg>
<doc>Simulates hovering the mouse over the element ``locator``.</doc>
<msg timestamp="20230928 12:04:20.183" level="INFO">Simulating Mouse Over on element 'xpath://*[@id="passwordInput"]/input'.</msg>
<status status="PASS" starttime="20230928 12:04:20.183" endtime="20230928 12:04:20.499"/>
</kw>
<kw name="Input Text" library="SeleniumLibrary">
<arg>${txt_superPassword}</arg>
<arg>${pwd}</arg>
<doc>Types the given ``text`` into the text field identified by ``locator``.</doc>
<msg timestamp="20230928 12:04:20.499" level="INFO">Typing text 'Yy!45678' into text field 'xpath://*[@id="passwordInput"]/input'.</msg>
<status status="PASS" starttime="20230928 12:04:20.499" endtime="20230928 12:04:20.740"/>
</kw>
<status status="PASS" starttime="20230928 12:04:20.086" endtime="20230928 12:04:20.740"/>
</kw>
<kw name="Click On &quot;Anmelden&quot;" library="SA_LoginKeywords">
<kw name="Wait Until Page Contains" library="SeleniumLibrary">
<arg>Anmelden</arg>
<doc>Waits until ``text`` appears on the current page.</doc>
<status status="PASS" starttime="20230928 12:04:20.740" endtime="20230928 12:04:20.782"/>
</kw>
<kw name="Mouse Over" library="SeleniumLibrary">
<arg>${btn_superLogin}</arg>
<doc>Simulates hovering the mouse over the element ``locator``.</doc>
<msg timestamp="20230928 12:04:20.791" level="INFO">Simulating Mouse Over on element '//*[@id="login-sa"]'.</msg>
<status status="PASS" starttime="20230928 12:04:20.791" endtime="20230928 12:04:21.107"/>
</kw>
<kw name="Click Element" library="SeleniumLibrary">
<arg>${btn_superLogin}</arg>
<doc>Click the element identified by ``locator``.</doc>
<msg timestamp="20230928 12:04:21.107" level="INFO">Clicking element '//*[@id="login-sa"]'.</msg>
<status status="PASS" starttime="20230928 12:04:21.107" endtime="20230928 12:04:21.250"/>
</kw>
<status status="PASS" starttime="20230928 12:04:20.740" endtime="20230928 12:04:21.250"/>
</kw>
<kw name="Log Title" library="SeleniumLibrary">
<doc>Logs and returns the title of the current page.</doc>
<msg timestamp="20230928 12:04:21.267" level="INFO">Leitstand</msg>
<status status="PASS" starttime="20230928 12:04:21.250" endtime="20230928 12:04:21.267"/>
</kw>
<kw name="Verify Sucessful Login" library="SA_LoginKeywords">
<kw name="Wait Until Page Contains Element" library="SeleniumLibrary">
<arg>${title_mandanten}</arg>
<doc>Waits until the element ``locator`` appears on the current page.</doc>
<status status="PASS" starttime="20230928 12:04:21.267" endtime="20230928 12:04:22.923"/>
</kw>
<kw name="Element Should Contain" library="SeleniumLibrary">
<arg>${title_mandanten}</arg>
<arg>Mandanten</arg>
<doc>Verifies that element ``locator`` contains text ``expected``.</doc>
<msg timestamp="20230928 12:04:22.966" level="INFO">Element '//*[@id="header-text"]' contains text 'Mandanten'.</msg>
<status status="PASS" starttime="20230928 12:04:22.923" endtime="20230928 12:04:22.966"/>
</kw>
<kw name="Wait Until Page Contains Element" library="SeleniumLibrary">
<arg>${txt_biqx}</arg>
<doc>Waits until the element ``locator`` appears on the current page.</doc>
<status status="PASS" starttime="20230928 12:04:22.966" endtime="20230928 12:04:22.990"/>
</kw>
<kw name="Element Should Contain" library="SeleniumLibrary">
<arg>${txt_biqx}</arg>
<arg>biqx GmbH</arg>
<doc>Verifies that element ``locator`` contains text ``expected``.</doc>
<msg timestamp="20230928 12:04:23.031" level="INFO">Element '//*[@id="root"]/div/div/div[3]/div/div[4]/span/a/span' contains text 'biqx GmbH'.</msg>
<status status="PASS" starttime="20230928 12:04:22.997" endtime="20230928 12:04:23.031"/>
</kw>
<status status="PASS" starttime="20230928 12:04:21.267" endtime="20230928 12:04:23.031"/>
</kw>
<kw name="Log To Console" library="BuiltIn">
<arg>Successful login</arg>
<doc>Logs the given message to the console.</doc>
<status status="PASS" starttime="20230928 12:04:23.031" endtime="20230928 12:04:23.031"/>
</kw>
<kw name="Validate Mandanten-Liste Table Headers" library="SA_LoginKeywords">
<kw name="Wait Until Page Contains Element" library="SeleniumLibrary">
<arg>${tbl_Mandanten_liste}</arg>
<doc>Waits until the element ``locator`` appears on the current page.</doc>
<msg timestamp="20230928 12:04:54.651" level="INFO" html="true">&lt;/td&gt;&lt;/tr&gt;&lt;tr&gt;&lt;td colspan="3"&gt;&lt;a href="selenium-screenshot-49.png"&gt;&lt;img src="selenium-screenshot-49.png" width="800px"&gt;&lt;/a&gt;</msg>
<msg timestamp="20230928 12:04:54.651" level="FAIL">Element '//*[@id="tenant-table"]' did not appear in 30 seconds.</msg>
<status status="FAIL" starttime="20230928 12:04:23.031" endtime="20230928 12:04:54.654"/>
</kw>
<kw name="Table Column Should Contain" library="SeleniumLibrary">
<arg>${tbl_Mandanten_liste}</arg>
<arg>3</arg>
<arg>Name</arg>
<doc>Verifies table column contains text ``expected``.</doc>
<status status="NOT RUN" starttime="20230928 12:04:54.654" endtime="20230928 12:04:54.655"/>
</kw>
<kw name="Table Column Should Contain" library="SeleniumLibrary">
<arg>${tbl_Mandanten_liste}</arg>
<arg>4</arg>
<arg>Kurzname</arg>
<doc>Verifies table column contains text ``expected``.</doc>
<status status="NOT RUN" starttime="20230928 12:04:54.655" endtime="20230928 12:04:54.655"/>
</kw>
<kw name="Table Column Should Contain" library="SeleniumLibrary">
<arg>${tbl_Mandanten_liste}</arg>
<arg>5</arg>
<arg>Beschreibung</arg>
<doc>Verifies table column contains text ``expected``.</doc>
<status status="NOT RUN" starttime="20230928 12:04:54.655" endtime="20230928 12:04:54.655"/>
</kw>
<kw name="Table Column Should Contain" library="SeleniumLibrary">
<arg>${tbl_Mandanten_liste}</arg>
<arg>6</arg>
<arg>Inaktiv</arg>
<doc>Verifies table column contains text ``expected``.</doc>
<status status="NOT RUN" starttime="20230928 12:04:54.655" endtime="20230928 12:04:54.655"/>
</kw>
<status status="FAIL" starttime="20230928 12:04:23.031" endtime="20230928 12:04:54.655"/>
</kw>
<status status="FAIL" starttime="20230928 12:04:18.849" endtime="20230928 12:04:54.655"/>
</kw>
<kw name="Click On &quot;Neuen Mandanten anlegen&quot;" library="SA_MandantenListeKeyword">
<status status="NOT RUN" starttime="20230928 12:04:54.655" endtime="20230928 12:04:54.655"/>
</kw>
<kw name="Close &quot;Popup&quot;" library="SA_MandantenListeKeyword">
<status status="NOT RUN" starttime="20230928 12:04:54.655" endtime="20230928 12:04:54.655"/>
</kw>
<kw name="Click On &quot;Neuen Mandanten anlegen&quot;" library="SA_MandantenListeKeyword">
<status status="NOT RUN" starttime="20230928 12:04:54.655" endtime="20230928 12:04:54.655"/>
</kw>
<kw name="Enter Mandant Registration Details" library="SA_MandantenListeKeyword">
<arg>${client_name}</arg>
<arg>${client_short_name}</arg>
<arg>${client_description}</arg>
<arg>${admin_name}</arg>
<arg>${admin_surname}</arg>
<arg>${admin_email}</arg>
<status status="NOT RUN" starttime="20230928 12:04:54.661" endtime="20230928 12:04:54.661"/>
</kw>
<kw name="Click On &quot;Weiter&quot;" library="SA_MandantenListeKeyword">
<status status="NOT RUN" starttime="20230928 12:04:54.661" endtime="20230928 12:04:54.661"/>
</kw>
<kw name="Click On &quot;Inner Close Button&quot;" library="SA_MandantenListeKeyword">
<status status="NOT RUN" starttime="20230928 12:04:54.661" endtime="20230928 12:04:54.661"/>
</kw>
<kw name="Click On &quot;Weiter&quot;" library="SA_MandantenListeKeyword">
<status status="NOT RUN" starttime="20230928 12:04:54.661" endtime="20230928 12:04:54.661"/>
</kw>
<kw name="Click On &quot;Anlegen&quot;" library="SA_MandantenListeKeyword">
<status status="NOT RUN" starttime="20230928 12:04:54.661" endtime="20230928 12:04:54.661"/>
</kw>
<kw name="Mandant Toast_alert Validation" library="SA_MandantenListeKeyword">
<status status="NOT RUN" starttime="20230928 12:04:54.661" endtime="20230928 12:04:54.661"/>
</kw>
<kw name="Stop Web Test" library="Common" type="TEARDOWN">
<kw name="Close All Browsers" library="SeleniumLibrary">
<doc>Closes all open browsers and resets the browser cache.</doc>
<status status="PASS" starttime="20230928 12:04:54.661" endtime="20230928 12:05:00.919"/>
</kw>
<kw name="Log To Console" library="BuiltIn">
<arg>Browser closed</arg>
<doc>Logs the given message to the console.</doc>
<status status="PASS" starttime="20230928 12:05:00.920" endtime="20230928 12:05:00.921"/>
</kw>
<status status="PASS" starttime="20230928 12:04:54.661" endtime="20230928 12:05:00.921"/>
</kw>
<tag>Invite_Client</tag>
<tag>SA</tag>
<tag>SA03</tag>
<status status="FAIL" starttime="20230928 12:04:15.285" endtime="20230928 12:05:00.922">Element '//*[@id="tenant-table"]' did not appear in 30 seconds.</status>
</test>
<doc>Test if Super Admin can invite new client</doc>
[...]
<kw name="Evaluate" library="BuiltIn">
<var>${options}</var>
<arg>sys.modules['selenium.webdriver'].ChromeOptions()</arg>
<arg>sys, selenium.webdriver</arg>
<doc>Evaluates the given expression in Python and returns the result.</doc>
<msg timestamp="20230928 12:24:46.773" level="INFO">${options} = &lt;selenium.webdriver.chrome.options.Options object at 0x00000209E1F8C350&gt;</msg>
<status status="PASS" starttime="20230928 12:24:46.773" endtime="20230928 12:24:46.773"/>
</kw>
<kw name="Call Method" library="BuiltIn">
<arg>${options}</arg>
<arg>add_argument</arg>
<arg>test-type</arg>
<doc>Calls the named method of the given object with the provided arguments.</doc>
<status status="PASS" starttime="20230928 12:24:46.773" endtime="20230928 12:24:46.773"/>
</kw>
<kw name="Call Method" library="BuiltIn">
<arg>${options}</arg>
<arg>add_argument</arg>
<arg>--headless</arg>
<doc>Calls the named method of the given object with the provided arguments.</doc>
<status status="PASS" starttime="20230928 12:24:46.773" endtime="20230928 12:24:46.773"/>
</kw>
<kw name="Call Method" library="BuiltIn">
<arg>${options}</arg>
<arg>add_argument</arg>
<arg>--disable-extensions</arg>
<doc>Calls the named method of the given object with the provided arguments.</doc>
<status status="PASS" starttime="20230928 12:24:46.773" endtime="20230928 12:24:46.773"/>
</kw>
<kw name="Call Method" library="BuiltIn">
<arg>${options}</arg>
<arg>add_argument</arg>
<arg>--disable-gpu</arg>
<doc>Calls the named method of the given object with the provided arguments.</doc>
<status status="PASS" starttime="20230928 12:24:46.773" endtime="20230928 12:24:46.773"/>
</kw>
<kw name="Call Method" library="BuiltIn">
<arg>${options}</arg>
<arg>add_argument</arg>
<arg>--disable-dev-shm-usage</arg>
<doc>Calls the named method of the given object with the provided arguments.</doc>
<status status="PASS" starttime="20230928 12:24:46.773" endtime="20230928 12:24:46.773"/>
</kw>
<kw name="Call Method" library="BuiltIn">
<arg>${options}</arg>
<arg>add_argument</arg>
<arg>--no-sandbox</arg>
<doc>Calls the named method of the given object with the provided arguments.</doc>
<status status="PASS" starttime="20230928 12:24:46.773" endtime="20230928 12:24:46.773"/>
</kw>
<kw name="Log To Console" library="BuiltIn">
<arg>Start 5G Simone App on Web Browser</arg>
<doc>Logs the given message to the console.</doc>
<status status="PASS" starttime="20230928 12:24:46.773" endtime="20230928 12:24:46.773"/>
</kw>
<kw name="Open Browser" library="SeleniumLibrary">
<arg>about:blank</arg>
<arg>${chrome}</arg>
<arg>options=${options}</arg>
<doc>Opens a new browser instance to the optional ``url``.</doc>
<msg timestamp="20230928 12:24:46.773" level="INFO">Opening browser 'chrome' to base url 'about:blank'.</msg>
<status status="PASS" starttime="20230928 12:24:46.773" endtime="20230928 12:24:56.421"/>
</kw>
<kw name="Clear Cookies" library="Common">
<kw name="Delete All Cookies" library="SeleniumLibrary">
<doc>Deletes all cookies.</doc>
<status status="PASS" starttime="20230928 12:24:56.421" endtime="20230928 12:24:56.649"/>
</kw>
<status status="PASS" starttime="20230928 12:24:56.421" endtime="20230928 12:24:56.649"/>
</kw>
<kw name="Set Window Position" library="SeleniumLibrary">
<arg>-7</arg>
<arg>-20</arg>
<doc>Sets window position using ``x`` and ``y`` coordinates.</doc>
<status status="PASS" starttime="20230928 12:24:56.649" endtime="20230928 12:24:56.975"/>
</kw>
<kw name="Set Window Size" library="SeleniumLibrary">
<arg>1920</arg>
<arg>1080</arg>
<doc>Sets current windows size to given ``width`` and ``height``.</doc>
<status status="PASS" starttime="20230928 12:24:56.975" endtime="20230928 12:24:57.288"/>
</kw>
<status status="PASS" starttime="20230928 12:24:46.773" endtime="20230928 12:24:57.288"/>
</kw>
<kw name="Navigate To 5G Simone Tenant Admin URL" library="TA_LoginKeywords">
<kw name="Go To" library="SeleniumLibrary">
<arg>${tenantAdmin_URL_productionStage}</arg>
<doc>Navigates the current browser window to the provided ``url``.</doc>
<msg timestamp="20230928 12:24:57.288" level="INFO">Opening url 'http://82.165.231.18:3000/welcome'</msg>
<status status="PASS" starttime="20230928 12:24:57.288" endtime="20230928 12:24:58.080"/>
</kw>
<kw name="Wait Until Page Contains" library="SeleniumLibrary">
<arg>Willkommen bei 5G-Simone</arg>
<doc>Waits until ``text`` appears on the current page.</doc>
<status status="PASS" starttime="20230928 12:24:58.080" endtime="20230928 12:24:58.299"/>
</kw>
<kw name="Wait Until Page Contains Element" library="SeleniumLibrary">
<arg>${img_WelcomePage}</arg>
<doc>Waits until the element ``locator`` appears on the current page.</doc>
<status status="PASS" starttime="20230928 12:24:58.299" endtime="20230928 12:24:58.512"/>
</kw>
<kw name="Wait Until Page Contains" library="SeleniumLibrary">
<arg>Anmelden</arg>
<doc>Waits until ``text`` appears on the current page.</doc>
<status status="PASS" starttime="20230928 12:24:58.512" endtime="20230928 12:24:58.725"/>
</kw>
<kw name="Click Element" library="SeleniumLibrary">
<arg>${btn_WelcomePageLogin}</arg>
<doc>Click the element identified by ``locator``.</doc>
<msg timestamp="20230928 12:24:58.725" level="INFO">Clicking element '//*[@id="root"]/div/div/div[4]/div/div/div[4]/button'.</msg>
<status status="PASS" starttime="20230928 12:24:58.725" endtime="20230928 12:24:59.223"/>
</kw>
<status status="PASS" starttime="20230928 12:24:57.288" endtime="20230928 12:24:59.223"/>
</kw>
<kw name="Login To Tenant Page" library="TA_LoginKeywords">
<kw name="Enter Email" library="TA_LoginKeywords">
<arg>${mandant_email_abiodun}</arg>
<kw name="Wait Until Page Contains Element" library="SeleniumLibrary">
<arg>${txt_tenantEmail}</arg>
<doc>Waits until the element ``locator`` appears on the current page.</doc>
<status status="PASS" starttime="20230928 12:24:59.226" endtime="20230928 12:24:59.459"/>
</kw>
<kw name="Mouse Over" library="SeleniumLibrary">
<arg>${txt_tenantEmail}</arg>
<doc>Simulates hovering the mouse over the element ``locator``.</doc>
<msg timestamp="20230928 12:24:59.459" level="INFO">Simulating Mouse Over on element 'xpath://*[@id="emailInput"]'.</msg>
<status status="PASS" starttime="20230928 12:24:59.459" endtime="20230928 12:25:00.145"/>
</kw>
<kw name="Input Text" library="SeleniumLibrary">
<arg>${txt_tenantEmail}</arg>
<arg>${email}</arg>
<doc>Types the given ``text`` into the text field identified by ``locator``.</doc>
<msg timestamp="20230928 12:25:00.145" level="INFO">Typing text 'abiodun.ajibade@biqx.de' into text field 'xpath://*[@id="emailInput"]'.</msg>
<status status="PASS" starttime="20230928 12:25:00.145" endtime="20230928 12:25:00.901"/>
</kw>
<status status="PASS" starttime="20230928 12:24:59.225" endtime="20230928 12:25:00.901"/>
</kw>
<kw name="Click Next Button" library="TA_LoginKeywords">
<kw name="Wait Until Page Contains Element" library="SeleniumLibrary">
<arg>${btn_tenantNextPage}</arg>
<doc>Waits until the element ``locator`` appears on the current page.</doc>
<status status="PASS" starttime="20230928 12:25:00.902" endtime="20230928 12:25:01.129"/>
</kw>
<kw name="Mouse Over" library="SeleniumLibrary">
<arg>${btn_tenantNextPage}</arg>
<doc>Simulates hovering the mouse over the element ``locator``.</doc>
<msg timestamp="20230928 12:25:01.129" level="INFO">Simulating Mouse Over on element '//*[@id="login-continue"]'.</msg>
<status status="PASS" starttime="20230928 12:25:01.129" endtime="20230928 12:25:01.824"/>
</kw>
<kw name="Click Element" library="SeleniumLibrary">
<arg>${btn_tenantNextPage}</arg>
<doc>Click the element identified by ``locator``.</doc>
<msg timestamp="20230928 12:25:01.824" level="INFO">Clicking element '//*[@id="login-continue"]'.</msg>
<status status="PASS" starttime="20230928 12:25:01.824" endtime="20230928 12:25:02.293"/>
</kw>
<status status="PASS" starttime="20230928 12:25:00.901" endtime="20230928 12:25:02.293"/>
</kw>
<kw name="Enter Password" library="TA_LoginKeywords">
<arg>${mandant_password_abiodun}</arg>
<kw name="Wait Until Page Contains Element" library="SeleniumLibrary">
<arg>${txt_tenantPassword}</arg>
<doc>Waits until the element ``locator`` appears on the current page.</doc>
<status status="PASS" starttime="20230928 12:25:02.293" endtime="20230928 12:25:02.511"/>
</kw>
<kw name="Mouse Over" library="SeleniumLibrary">
<arg>${txt_tenantPassword}</arg>
<doc>Simulates hovering the mouse over the element ``locator``.</doc>
<msg timestamp="20230928 12:25:02.511" level="INFO">Simulating Mouse Over on element 'xpath://*[@id="passwordInput"]/input'.</msg>
<status status="PASS" starttime="20230928 12:25:02.511" endtime="20230928 12:25:03.213"/>
</kw>
<kw name="Input Text" library="SeleniumLibrary">
<arg>${txt_tenantPassword}</arg>
<arg>${pwd}</arg>
<doc>Types the given ``text`` into the text field identified by ``locator``.</doc>
<msg timestamp="20230928 12:25:03.213" level="INFO">Typing text 'Project5GSimone#' into text field 'xpath://*[@id="passwordInput"]/input'.</msg>
<status status="PASS" starttime="20230928 12:25:03.213" endtime="20230928 12:25:03.956"/>
</kw>
<status status="PASS" starttime="20230928 12:25:02.293" endtime="20230928 12:25:03.956"/>
</kw>
<kw name="Click Login Button" library="TA_LoginKeywords">
<kw name="Wait Until Page Contains Element" library="SeleniumLibrary">
<arg>${btn_tenantLogin}</arg>
<doc>Waits until the element ``locator`` appears on the current page.</doc>
<status status="PASS" starttime="20230928 12:25:03.958" endtime="20230928 12:25:04.197"/>
</kw>
<kw name="Mouse Over" library="SeleniumLibrary">
<arg>${btn_tenantLogin}</arg>
<doc>Simulates hovering the mouse over the element ``locator``.</doc>
<msg timestamp="20230928 12:25:04.197" level="INFO">Simulating Mouse Over on element '//*[@id="login-ta"]'.</msg>
<status status="PASS" starttime="20230928 12:25:04.197" endtime="20230928 12:25:04.907"/>
</kw>
<kw name="Click Element" library="SeleniumLibrary">
<arg>${btn_tenantLogin}</arg>
<doc>Click the element identified by ``locator``.</doc>
<msg timestamp="20230928 12:25:04.907" level="INFO">Clicking element '//*[@id="login-ta"]'.</msg>
<status status="PASS" starttime="20230928 12:25:04.907" endtime="20230928 12:25:05.417"/>
</kw>
<status status="PASS" starttime="20230928 12:25:03.957" endtime="20230928 12:25:05.417"/>
</kw>
<kw name="Log Title" library="SeleniumLibrary">
<doc>Logs and returns the title of the current page.</doc>
<msg timestamp="20230928 12:25:05.632" level="INFO">Leitstand</msg>
<status status="PASS" starttime="20230928 12:25:05.418" endtime="20230928 12:25:05.632"/>
</kw>
<kw name="Validate Successful Login" library="TA_LoginKeywords">
<kw name="Validate Menu-Items" library="TA_LoginKeywords">
<kw name="Wait Until Page Contains" library="SeleniumLibrary">
<arg>Monocabs</arg>
<doc>Waits until ``text`` appears on the current page.</doc>
<msg timestamp="20230928 12:25:36.363" level="INFO" html="true">&lt;/td&gt;&lt;/tr&gt;&lt;tr&gt;&lt;td colspan="3"&gt;&lt;a href="selenium-screenshot-63.png"&gt;&lt;img src="selenium-screenshot-63.png" width="800px"&gt;&lt;/a&gt;</msg>
<msg timestamp="20230928 12:25:36.363" level="FAIL">Text 'Monocabs' did not appear in 30 seconds.</msg>
<status status="FAIL" starttime="20230928 12:25:05.632" endtime="20230928 12:25:36.363"/>
</kw>
<kw name="Wait Until Page Contains" library="SeleniumLibrary">
<arg>Karte</arg>
<doc>Waits until ``text`` appears on the current page.</doc>
<status status="NOT RUN" starttime="20230928 12:25:36.363" endtime="20230928 12:25:36.363"/>
</kw>
<kw name="Wait Until Page Contains" library="SeleniumLibrary">
<arg>Quality of Service</arg>
<doc>Waits until ``text`` appears on the current page.</doc>
<status status="NOT RUN" starttime="20230928 12:25:36.363" endtime="20230928 12:25:36.363"/>
</kw>
<kw name="Wait Until Page Contains" library="SeleniumLibrary">
<arg>Infotainment</arg>
<doc>Waits until ``text`` appears on the current page.</doc>
<status status="NOT RUN" starttime="20230928 12:25:36.363" endtime="20230928 12:25:36.363"/>
</kw>
<kw name="Wait Until Page Contains" library="SeleniumLibrary">
<arg>Benutzerverwaltung</arg>
<doc>Waits until ``text`` appears on the current page.</doc>
<status status="NOT RUN" starttime="20230928 12:25:36.363" endtime="20230928 12:25:36.363"/>
</kw>
<status status="FAIL" starttime="20230928 12:25:05.632" endtime="20230928 12:25:36.363"/>
</kw>
<kw name="Page Should Contain" library="SeleniumLibrary">
<arg>biqx GmbH</arg>
<doc>Verifies that current page contains ``text``.</doc>
<status status="NOT RUN" starttime="20230928 12:25:36.363" endtime="20230928 12:25:36.363"/>
</kw>
<kw name="Log To Console" library="BuiltIn">
<arg>successful login</arg>
<doc>Logs the given message to the console.</doc>
<status status="NOT RUN" starttime="20230928 12:25:36.363" endtime="20230928 12:25:36.363"/>
</kw>
<status status="FAIL" starttime="20230928 12:25:05.632" endtime="20230928 12:25:36.363"/>
</kw>
<status status="FAIL" starttime="20230928 12:24:59.224" endtime="20230928 12:25:36.363"/>
</kw>
<kw name="Logout" library="TA_LoginKeywords">
<status status="NOT RUN" starttime="20230928 12:25:36.363" endtime="20230928 12:25:36.363"/>
</kw>
<kw name="Stop Web Test" library="Common" type="TEARDOWN">
<kw name="Close All Browsers" library="SeleniumLibrary">
<doc>Closes all open browsers and resets the browser cache.</doc>
<status status="PASS" starttime="20230928 12:25:36.363" endtime="20230928 12:25:38.599"/>
</kw>
<kw name="Log To Console" library="BuiltIn">
<arg>Browser closed</arg>
<doc>Logs the given message to the console.</doc>
<status status="PASS" starttime="20230928 12:25:38.599" endtime="20230928 12:25:38.599"/>
</kw>
<status status="PASS" starttime="20230928 12:25:36.363" endtime="20230928 12:25:38.599"/>
</kw>
<tag>Login</tag>
<tag>T01</tag>
<tag>Tenant</tag>
<status status="FAIL" starttime="20230928 12:24:46.773" endtime="20230928 12:25:38.599">Text 'Monocabs' did not appear in 30 seconds.</status>
</test>
<doc>Test if registered Tenant can login</doc>
<status status="FAIL" starttime="20230928 12:24:46.757" endtime="20230928 12:25:38.599"/>
</suite>
<status status="FAIL" starttime="20230928 12:02:59.210" endtime="20230928 12:25:38.616"/>
</suite>
<statistics>
<total>
<stat pass="22" fail="13" skip="0">All Tests</stat>
</total>
<tag>
<stat pass="10" fail="0" skip="0">DDT</stat>
<stat pass="0" fail="1" skip="0">Deactivate</stat>
<stat pass="1" fail="0" skip="0">Deactivate_Tenant</stat>
<stat pass="2" fail="0" skip="0">DisplaOnMap</stat>
<stat pass="0" fail="1" skip="0">dont</stat>
<stat pass="0" fail="1" skip="0">Edit_Roles</stat>
<stat pass="0" fail="1" skip="0">Empty_Row</stat>
<stat pass="0" fail="4" skip="0">Infotainment</stat>
<stat pass="0" fail="1" skip="0">Invite_Client</stat>
<stat pass="2" fail="0" skip="0">Invite_Tenant</stat>
<stat pass="11" fail="2" skip="0">Login</stat>
<stat pass="1" fail="0" skip="0">Map</stat>
<stat pass="3" fail="2" skip="0">Monocabs</stat>
<stat pass="3" fail="0" skip="0">Popup</stat>
<stat pass="5" fail="5" skip="0">SA</stat>
<stat pass="5" fail="0" skip="0">SA01</stat>
<stat pass="0" fail="1" skip="0">SA02</stat>
<stat pass="0" fail="1" skip="0">SA03</stat>
<stat pass="0" fail="1" skip="0">SA04</stat>
<stat pass="0" fail="1" skip="0">SA05</stat>
<stat pass="0" fail="1" skip="0">SA06</stat>
<stat pass="1" fail="1" skip="0">Search</stat>
<stat pass="0" fail="1" skip="0">T01</stat>
<stat pass="17" fail="7" skip="0">TA</stat>
<stat pass="1" fail="0" skip="0">TA01</stat>
<stat pass="1" fail="0" skip="0">TA02</stat>
<stat pass="0" fail="1" skip="0">TA03</stat>
<stat pass="1" fail="0" skip="0">TA04</stat>
<stat pass="1" fail="0" skip="0">TA05</stat>
<stat pass="1" fail="0" skip="0">TA06</stat>
<stat pass="1" fail="0" skip="0">TA07</stat>
<stat pass="5" fail="0" skip="0">TA08</stat>
<stat pass="1" fail="0" skip="0">TA09</stat>
<stat pass="1" fail="0" skip="0">TA10</stat>
<stat pass="2" fail="0" skip="0">TA11</stat>
<stat pass="1" fail="0" skip="0">TA12</stat>
<stat pass="0" fail="1" skip="0">TA13</stat>
<stat pass="0" fail="1" skip="0">TA14</stat>
<stat pass="1" fail="1" skip="0">TA15</stat>
<stat pass="0" fail="1" skip="0">TA16</stat>
<stat pass="0" fail="1" skip="0">TA17</stat>
<stat pass="0" fail="1" skip="0">TA18</stat>
<stat pass="0" fail="1" skip="0">Tenant</stat>
<stat pass="4" fail="2" skip="0">Vehicle</stat>
</tag>
<suite>
<stat pass="22" fail="13" skip="0" id="s1" name="Testcases">Testcases</stat>
<stat pass="5" fail="0" skip="0" id="s1-s1" name="SA-DDT Login">Testcases.SA-DDT Login</stat>
<stat pass="0" fail="1" skip="0" id="s1-s2" name="SA-Login">Testcases.SA-Login</stat>
<stat pass="0" fail="1" skip="0" id="s1-s3" name="SA MandantenListe InviteClients">Testcases.SA MandantenListe InviteClients</stat>
<stat pass="0" fail="1" skip="0" id="s1-s4" name="SA MandantenListe Re Deactivate Client">Testcases.SA MandantenListe Re Deactivate Client</stat>
<stat pass="0" fail="1" skip="0" id="s1-s5" name="SA MandantenListe SearchClients">Testcases.SA MandantenListe SearchClients</stat>
<stat pass="0" fail="1" skip="0" id="s1-s6" name="SA MandantenListe UnselectedTableRow">Testcases.SA MandantenListe UnselectedTableRow</stat>
<stat pass="1" fail="0" skip="0" id="s1-s7" name="TA Benutzerverwaltung DeactivateUser Popups">Testcases.TA Benutzerverwaltung DeactivateUser Popups</stat>
<stat pass="1" fail="0" skip="0" id="s1-s8" name="TA Benutzerverwaltung EditUser Popups">Testcases.TA Benutzerverwaltung EditUser Popups</stat>
<stat pass="0" fail="1" skip="0" id="s1-s9" name="TA Benutzerverwaltung EditUserRole">Testcases.TA Benutzerverwaltung EditUserRole</stat>
<stat pass="1" fail="0" skip="0" id="s1-s10" name="TA Benutzerverwaltung InviteUser">Testcases.TA Benutzerverwaltung InviteUser</stat>
<stat pass="1" fail="0" skip="0" id="s1-s11" name="TA Benutzerverwaltung InviteUser Popup">Testcases.TA Benutzerverwaltung InviteUser Popup</stat>
<stat pass="1" fail="0" skip="0" id="s1-s12" name="TA Benutzerverwaltung NoDuplicateMAil">Testcases.TA Benutzerverwaltung NoDuplicateMAil</stat>
<stat pass="1" fail="0" skip="0" id="s1-s13" name="TA Benutzerverwaltung Re Deactivate User">Testcases.TA Benutzerverwaltung Re Deactivate User</stat>
<stat pass="1" fail="0" skip="0" id="s1-s14" name="TA Benutzerverwaltung SearchUser">Testcases.TA Benutzerverwaltung SearchUser</stat>
<stat pass="5" fail="0" skip="0" id="s1-s15" name="TA DDT Login">Testcases.TA DDT Login</stat>
<stat pass="0" fail="1" skip="0" id="s1-s16" name="TA Infotainment Bielefeld">Testcases.TA Infotainment Bielefeld</stat>
<stat pass="0" fail="1" skip="0" id="s1-s17" name="TA Infotainment Bösingfeld">Testcases.TA Infotainment Bösingfeld</stat>
<stat pass="0" fail="1" skip="0" id="s1-s18" name="TA Infotainment Lemgo">Testcases.TA Infotainment Lemgo</stat>
<stat pass="0" fail="1" skip="0" id="s1-s19" name="TA Infotainment Minden">Testcases.TA Infotainment Minden</stat>
<stat pass="1" fail="0" skip="0" id="s1-s20" name="TA Karte">Testcases.TA Karte</stat>
<stat pass="1" fail="0" skip="0" id="s1-s21" name="TA Login">Testcases.TA Login</stat>
<stat pass="0" fail="1" skip="0" id="s1-s22" name="TA Monocabs Remote CameraView Activation Deactivation">Testcases.TA Monocabs Remote CameraView Activation Deactivation</stat>
<stat pass="0" fail="1" skip="0" id="s1-s23" name="TA Monocabs Remote OpenCameraView In NewTab">Testcases.TA Monocabs Remote OpenCameraView In NewTab</stat>
<stat pass="1" fail="0" skip="0" id="s1-s24" name="TA Monocabs RemoteSteuerung Aktivieren">Testcases.TA Monocabs RemoteSteuerung Aktivieren</stat>
<stat pass="1" fail="0" skip="0" id="s1-s25" name="TA Monocabs StationdataOfMovingVehicle">Testcases.TA Monocabs StationdataOfMovingVehicle</stat>
<stat pass="1" fail="0" skip="0" id="s1-s26" name="TA Monocabs Vehicle DisplayOnMap">Testcases.TA Monocabs Vehicle DisplayOnMap</stat>
<stat pass="0" fail="1" skip="0" id="s1-s27" name="Tenant Login">Testcases.Tenant Login</stat>
</suite>
</statistics>
<errors>
</errors>
</robot>
